2020-01-25 18:33:59,694 - my_web_test - [basepage.py-->line:32] - INFO: 等待登录页面_用户名输入_('name', 'phone')元素可见成功。
2020-01-25 18:33:59,695 - my_web_test - [basepage.py-->line:34] - INFO: 起始时间：2020-01-25 18:33:59.599215，开始时间：2020-01-25 18:33:59.695220，总计时长：0:00:00.096005
2020-01-25 18:33:59,713 - my_web_test - [basepage.py-->line:61] - INFO: 查找登录页面_用户名输入_('name', 'phone')元素成功。
2020-01-25 18:33:59,975 - my_web_test - [basepage.py-->line:91] - INFO: 登录页面_用户名输入_('name', 'phone')元素中输入内容成功。
2020-01-25 18:34:00,076 - my_web_test - [basepage.py-->line:32] - INFO: 等待登录页面_密码输入_('name', 'password')元素可见成功。
2020-01-25 18:34:00,077 - my_web_test - [basepage.py-->line:34] - INFO: 起始时间：2020-01-25 18:33:59.975236，开始时间：2020-01-25 18:34:00.077242，总计时长：0:00:00.102006
2020-01-25 18:34:00,120 - my_web_test - [basepage.py-->line:61] - INFO: 查找登录页面_密码输入_('name', 'password')元素成功。
2020-01-25 18:34:00,405 - my_web_test - [basepage.py-->line:91] - INFO: 登录页面_密码输入_('name', 'password')元素中输入内容成功。
2020-01-25 18:34:00,491 - my_web_test - [basepage.py-->line:32] - INFO: 等待登录页面输入完成_点击登录按钮_('xpath', '//button[text()="登录"]')元素可见成功。
2020-01-25 18:34:00,492 - my_web_test - [basepage.py-->line:34] - INFO: 起始时间：2020-01-25 18:34:00.405261，开始时间：2020-01-25 18:34:00.492266，总计时长：0:00:00.087005
2020-01-25 18:34:00,557 - my_web_test - [basepage.py-->line:47] - INFO: 等待登录页面输入完成_点击登录按钮_('xpath', '//button[text()="登录"]')元素可点击成功。
2020-01-25 18:34:00,558 - my_web_test - [basepage.py-->line:49] - INFO: 起始时间：2020-01-25 18:34:00.492266，开始时间：2020-01-25 18:34:00.558270，总计时长：0:00:00.066004
2020-01-25 18:34:00,577 - my_web_test - [basepage.py-->line:61] - INFO: 查找登录页面输入完成_点击登录按钮_('xpath', '//button[text()="登录"]')元素成功。
2020-01-25 18:34:00,733 - my_web_test - [basepage.py-->line:77] - INFO: 登录页面输入完成_点击登录按钮_('xpath', '//button[text()="登录"]')元素点击成功。
2020-01-25 18:34:33,701 - my_web_test - [basepage.py-->line:32] - INFO: 等待登录页面_用户名输入_('name', 'phone')元素可见成功。
2020-01-25 18:34:33,701 - my_web_test - [basepage.py-->line:34] - INFO: 起始时间：2020-01-25 18:34:33.557157，开始时间：2020-01-25 18:34:33.701165，总计时长：0:00:00.144008
2020-01-25 18:34:33,728 - my_web_test - [basepage.py-->line:61] - INFO: 查找登录页面_用户名输入_('name', 'phone')元素成功。
2020-01-25 18:34:33,863 - my_web_test - [basepage.py-->line:91] - INFO: 登录页面_用户名输入_('name', 'phone')元素中输入内容成功。
2020-01-25 18:34:33,975 - my_web_test - [basepage.py-->line:32] - INFO: 等待登录页面_密码输入_('name', 'password')元素可见成功。
2020-01-25 18:34:33,975 - my_web_test - [basepage.py-->line:34] - INFO: 起始时间：2020-01-25 18:34:33.863175，开始时间：2020-01-25 18:34:33.975181，总计时长：0:00:00.112006
2020-01-25 18:34:34,021 - my_web_test - [basepage.py-->line:61] - INFO: 查找登录页面_密码输入_('name', 'password')元素成功。
2020-01-25 18:34:34,263 - my_web_test - [basepage.py-->line:91] - INFO: 登录页面_密码输入_('name', 'password')元素中输入内容成功。
2020-01-25 18:34:34,350 - my_web_test - [basepage.py-->line:32] - INFO: 等待登录页面输入完成_点击登录按钮_('xpath', '//button[text()="登录"]')元素可见成功。
2020-01-25 18:34:34,351 - my_web_test - [basepage.py-->line:34] - INFO: 起始时间：2020-01-25 18:34:34.263197，开始时间：2020-01-25 18:34:34.351202，总计时长：0:00:00.088005
2020-01-25 18:34:34,461 - my_web_test - [basepage.py-->line:47] - INFO: 等待登录页面输入完成_点击登录按钮_('xpath', '//button[text()="登录"]')元素可点击成功。
2020-01-25 18:34:34,462 - my_web_test - [basepage.py-->line:49] - INFO: 起始时间：2020-01-25 18:34:34.351202，开始时间：2020-01-25 18:34:34.462209，总计时长：0:00:00.111007
2020-01-25 18:34:34,483 - my_web_test - [basepage.py-->line:61] - INFO: 查找登录页面输入完成_点击登录按钮_('xpath', '//button[text()="登录"]')元素成功。
2020-01-25 18:34:34,766 - my_web_test - [basepage.py-->line:77] - INFO: 登录页面输入完成_点击登录按钮_('xpath', '//button[text()="登录"]')元素点击成功。
2020-01-25 18:34:36,829 - my_web_test - [basepage.py-->line:32] - INFO: 等待登录页面_用户名或者密码输入错误后提示内容_('xpath', '//div[@class="form-error-info"]')元素可见成功。
2020-01-25 18:34:36,829 - my_web_test - [basepage.py-->line:34] - INFO: 起始时间：2020-01-25 18:34:36.777341，开始时间：2020-01-25 18:34:36.829344，总计时长：0:00:00.052003
2020-01-25 18:34:36,850 - my_web_test - [basepage.py-->line:61] - INFO: 查找登录页面_用户名或者密码输入错误后提示内容_('xpath', '//div[@class="form-error-info"]')元素成功。
2020-01-25 18:34:36,889 - my_web_test - [basepage.py-->line:105] - INFO: 登录页面_用户名或者密码输入错误后提示内容_('xpath', '//div[@class="form-error-info"]')元素中获取文本内容_请输入手机号_成功。
2020-01-25 18:34:45,675 - my_web_test - [basepage.py-->line:32] - INFO: 等待登录页面_用户名输入_('name', 'phone')元素可见成功。
2020-01-25 18:34:45,676 - my_web_test - [basepage.py-->line:34] - INFO: 起始时间：2020-01-25 18:34:45.580845，开始时间：2020-01-25 18:34:45.676850，总计时长：0:00:00.096005
2020-01-25 18:34:45,696 - my_web_test - [basepage.py-->line:61] - INFO: 查找登录页面_用户名输入_('name', 'phone')元素成功。
2020-01-25 18:34:45,973 - my_web_test - [basepage.py-->line:91] - INFO: 登录页面_用户名输入_('name', 'phone')元素中输入内容成功。
2020-01-25 18:34:46,068 - my_web_test - [basepage.py-->line:32] - INFO: 等待登录页面_密码输入_('name', 'password')元素可见成功。
2020-01-25 18:34:46,069 - my_web_test - [basepage.py-->line:34] - INFO: 起始时间：2020-01-25 18:34:45.974867，开始时间：2020-01-25 18:34:46.068873，总计时长：0:00:00.094006
2020-01-25 18:34:46,102 - my_web_test - [basepage.py-->line:61] - INFO: 查找登录页面_密码输入_('name', 'password')元素成功。
2020-01-25 18:34:46,242 - my_web_test - [basepage.py-->line:91] - INFO: 登录页面_密码输入_('name', 'password')元素中输入内容成功。
2020-01-25 18:34:46,316 - my_web_test - [basepage.py-->line:32] - INFO: 等待登录页面输入完成_点击登录按钮_('xpath', '//button[text()="登录"]')元素可见成功。
2020-01-25 18:34:46,316 - my_web_test - [basepage.py-->line:34] - INFO: 起始时间：2020-01-25 18:34:46.242883，开始时间：2020-01-25 18:34:46.316887，总计时长：0:00:00.074004
2020-01-25 18:34:46,381 - my_web_test - [basepage.py-->line:47] - INFO: 等待登录页面输入完成_点击登录按钮_('xpath', '//button[text()="登录"]')元素可点击成功。
2020-01-25 18:34:46,382 - my_web_test - [basepage.py-->line:49] - INFO: 起始时间：2020-01-25 18:34:46.316887，开始时间：2020-01-25 18:34:46.382891，总计时长：0:00:00.066004
2020-01-25 18:34:46,403 - my_web_test - [basepage.py-->line:61] - INFO: 查找登录页面输入完成_点击登录按钮_('xpath', '//button[text()="登录"]')元素成功。
2020-01-25 18:34:46,545 - my_web_test - [basepage.py-->line:77] - INFO: 登录页面输入完成_点击登录按钮_('xpath', '//button[text()="登录"]')元素点击成功。
2020-01-25 18:34:48,627 - my_web_test - [basepage.py-->line:32] - INFO: 等待登录页面_用户名或者密码输入错误后提示内容_('xpath', '//div[@class="form-error-info"]')元素可见成功。
2020-01-25 18:34:48,627 - my_web_test - [basepage.py-->line:34] - INFO: 起始时间：2020-01-25 18:34:48.562015，开始时间：2020-01-25 18:34:48.627019，总计时长：0:00:00.065004
2020-01-25 18:34:48,650 - my_web_test - [basepage.py-->line:61] - INFO: 查找登录页面_用户名或者密码输入错误后提示内容_('xpath', '//div[@class="form-error-info"]')元素成功。
2020-01-25 18:34:48,698 - my_web_test - [basepage.py-->line:105] - INFO: 登录页面_用户名或者密码输入错误后提示内容_('xpath', '//div[@class="form-error-info"]')元素中获取文本内容_请输入密码_成功。
2020-01-25 18:34:56,825 - my_web_test - [basepage.py-->line:32] - INFO: 等待登录页面_用户名输入_('name', 'phone')元素可见成功。
2020-01-25 18:34:56,825 - my_web_test - [basepage.py-->line:34] - INFO: 起始时间：2020-01-25 18:34:56.744483，开始时间：2020-01-25 18:34:56.825488，总计时长：0:00:00.081005
2020-01-25 18:34:56,843 - my_web_test - [basepage.py-->line:61] - INFO: 查找登录页面_用户名输入_('name', 'phone')元素成功。
2020-01-25 18:34:56,959 - my_web_test - [basepage.py-->line:91] - INFO: 登录页面_用户名输入_('name', 'phone')元素中输入内容成功。
2020-01-25 18:34:57,068 - my_web_test - [basepage.py-->line:32] - INFO: 等待登录页面_密码输入_('name', 'password')元素可见成功。
2020-01-25 18:34:57,069 - my_web_test - [basepage.py-->line:34] - INFO: 起始时间：2020-01-25 18:34:56.959496，开始时间：2020-01-25 18:34:57.068502，总计时长：0:00:00.109006
2020-01-25 18:34:57,095 - my_web_test - [basepage.py-->line:61] - INFO: 查找登录页面_密码输入_('name', 'password')元素成功。
2020-01-25 18:34:57,228 - my_web_test - [basepage.py-->line:91] - INFO: 登录页面_密码输入_('name', 'password')元素中输入内容成功。
2020-01-25 18:34:57,296 - my_web_test - [basepage.py-->line:32] - INFO: 等待登录页面输入完成_点击登录按钮_('xpath', '//button[text()="登录"]')元素可见成功。
2020-01-25 18:34:57,296 - my_web_test - [basepage.py-->line:34] - INFO: 起始时间：2020-01-25 18:34:57.228511，开始时间：2020-01-25 18:34:57.296515，总计时长：0:00:00.068004
2020-01-25 18:34:57,374 - my_web_test - [basepage.py-->line:47] - INFO: 等待登录页面输入完成_点击登录按钮_('xpath', '//button[text()="登录"]')元素可点击成功。
2020-01-25 18:34:57,375 - my_web_test - [basepage.py-->line:49] - INFO: 起始时间：2020-01-25 18:34:57.296515，开始时间：2020-01-25 18:34:57.375519，总计时长：0:00:00.079004
2020-01-25 18:34:57,395 - my_web_test - [basepage.py-->line:61] - INFO: 查找登录页面输入完成_点击登录按钮_('xpath', '//button[text()="登录"]')元素成功。
2020-01-25 18:34:57,549 - my_web_test - [basepage.py-->line:77] - INFO: 登录页面输入完成_点击登录按钮_('xpath', '//button[text()="登录"]')元素点击成功。
2020-01-25 18:34:59,609 - my_web_test - [basepage.py-->line:32] - INFO: 等待登录页面_用户名或者密码输入错误后提示内容_('xpath', '//div[@class="form-error-info"]')元素可见成功。
2020-01-25 18:34:59,609 - my_web_test - [basepage.py-->line:34] - INFO: 起始时间：2020-01-25 18:34:59.558644，开始时间：2020-01-25 18:34:59.609647，总计时长：0:00:00.051003
2020-01-25 18:34:59,624 - my_web_test - [basepage.py-->line:61] - INFO: 查找登录页面_用户名或者密码输入错误后提示内容_('xpath', '//div[@class="form-error-info"]')元素成功。
2020-01-25 18:34:59,658 - my_web_test - [basepage.py-->line:105] - INFO: 登录页面_用户名或者密码输入错误后提示内容_('xpath', '//div[@class="form-error-info"]')元素中获取文本内容_请输入手机号_成功。
