2020-01-25 19:28:22,278 - my_web_test - [basepage.py-->line:32] - INFO: 等待登录页面_用户名输入_('name', 'phone')元素可见成功。
2020-01-25 19:28:22,279 - my_web_test - [basepage.py-->line:34] - INFO: 起始时间：2020-01-25 19:28:22.230827，开始时间：2020-01-25 19:28:22.279829，总计时长：0:00:00.049002
2020-01-25 19:28:22,290 - my_web_test - [basepage.py-->line:61] - INFO: 查找登录页面_用户名输入_('name', 'phone')元素成功。
2020-01-25 19:28:22,535 - my_web_test - [basepage.py-->line:91] - INFO: 登录页面_用户名输入_('name', 'phone')元素中输入内容成功。
2020-01-25 19:28:22,607 - my_web_test - [basepage.py-->line:32] - INFO: 等待登录页面_密码输入_('name', 'password')元素可见成功。
2020-01-25 19:28:22,608 - my_web_test - [basepage.py-->line:34] - INFO: 起始时间：2020-01-25 19:28:22.536844，开始时间：2020-01-25 19:28:22.608848，总计时长：0:00:00.072004
2020-01-25 19:28:22,639 - my_web_test - [basepage.py-->line:61] - INFO: 查找登录页面_密码输入_('name', 'password')元素成功。
2020-01-25 19:28:22,810 - my_web_test - [basepage.py-->line:91] - INFO: 登录页面_密码输入_('name', 'password')元素中输入内容成功。
2020-01-25 19:28:22,868 - my_web_test - [basepage.py-->line:32] - INFO: 等待登录页面输入完成_点击登录按钮_('xpath', '//button[text()="登录"]')元素可见成功。
2020-01-25 19:28:22,869 - my_web_test - [basepage.py-->line:34] - INFO: 起始时间：2020-01-25 19:28:22.810860，开始时间：2020-01-25 19:28:22.868863，总计时长：0:00:00.058003
2020-01-25 19:28:22,970 - my_web_test - [basepage.py-->line:47] - INFO: 等待登录页面输入完成_点击登录按钮_('xpath', '//button[text()="登录"]')元素可点击成功。
2020-01-25 19:28:22,970 - my_web_test - [basepage.py-->line:49] - INFO: 起始时间：2020-01-25 19:28:22.869863，开始时间：2020-01-25 19:28:22.970869，总计时长：0:00:00.101006
2020-01-25 19:28:22,987 - my_web_test - [basepage.py-->line:61] - INFO: 查找登录页面输入完成_点击登录按钮_('xpath', '//button[text()="登录"]')元素成功。
2020-01-25 19:28:23,179 - my_web_test - [basepage.py-->line:77] - INFO: 登录页面输入完成_点击登录按钮_('xpath', '//button[text()="登录"]')元素点击成功。
2020-01-25 19:28:54,097 - my_web_test - [basepage.py-->line:32] - INFO: 等待登录页面_用户名输入_('name', 'phone')元素可见成功。
2020-01-25 19:28:54,098 - my_web_test - [basepage.py-->line:34] - INFO: 起始时间：2020-01-25 19:28:54.021645，开始时间：2020-01-25 19:28:54.098649，总计时长：0:00:00.077004
2020-01-25 19:28:54,116 - my_web_test - [basepage.py-->line:61] - INFO: 查找登录页面_用户名输入_('name', 'phone')元素成功。
2020-01-25 19:28:54,238 - my_web_test - [basepage.py-->line:91] - INFO: 登录页面_用户名输入_('name', 'phone')元素中输入内容成功。
2020-01-25 19:28:54,381 - my_web_test - [basepage.py-->line:32] - INFO: 等待登录页面_密码输入_('name', 'password')元素可见成功。
2020-01-25 19:28:54,381 - my_web_test - [basepage.py-->line:34] - INFO: 起始时间：2020-01-25 19:28:54.238657，开始时间：2020-01-25 19:28:54.381666，总计时长：0:00:00.143009
2020-01-25 19:28:54,426 - my_web_test - [basepage.py-->line:61] - INFO: 查找登录页面_密码输入_('name', 'password')元素成功。
2020-01-25 19:28:54,736 - my_web_test - [basepage.py-->line:91] - INFO: 登录页面_密码输入_('name', 'password')元素中输入内容成功。
2020-01-25 19:28:54,839 - my_web_test - [basepage.py-->line:32] - INFO: 等待登录页面输入完成_点击登录按钮_('xpath', '//button[text()="登录"]')元素可见成功。
2020-01-25 19:28:54,840 - my_web_test - [basepage.py-->line:34] - INFO: 起始时间：2020-01-25 19:28:54.736686，开始时间：2020-01-25 19:28:54.840692，总计时长：0:00:00.104006
2020-01-25 19:28:54,941 - my_web_test - [basepage.py-->line:47] - INFO: 等待登录页面输入完成_点击登录按钮_('xpath', '//button[text()="登录"]')元素可点击成功。
2020-01-25 19:28:54,942 - my_web_test - [basepage.py-->line:49] - INFO: 起始时间：2020-01-25 19:28:54.840692，开始时间：2020-01-25 19:28:54.942698，总计时长：0:00:00.102006
2020-01-25 19:28:54,983 - my_web_test - [basepage.py-->line:61] - INFO: 查找登录页面输入完成_点击登录按钮_('xpath', '//button[text()="登录"]')元素成功。
2020-01-25 19:28:55,152 - my_web_test - [basepage.py-->line:77] - INFO: 登录页面输入完成_点击登录按钮_('xpath', '//button[text()="登录"]')元素点击成功。
2020-01-25 19:28:57,274 - my_web_test - [basepage.py-->line:32] - INFO: 等待登录页面_用户名或者密码输入错误后提示内容_('xpath', '//div[@class="form-error-info"]')元素可见成功。
2020-01-25 19:28:57,275 - my_web_test - [basepage.py-->line:34] - INFO: 起始时间：2020-01-25 19:28:57.174825，开始时间：2020-01-25 19:28:57.275831，总计时长：0:00:00.101006
2020-01-25 19:28:57,307 - my_web_test - [basepage.py-->line:61] - INFO: 查找登录页面_用户名或者密码输入错误后提示内容_('xpath', '//div[@class="form-error-info"]')元素成功。
2020-01-25 19:28:57,384 - my_web_test - [basepage.py-->line:105] - INFO: 登录页面_用户名或者密码输入错误后提示内容_('xpath', '//div[@class="form-error-info"]')元素中获取文本内容_请输入手机号_成功。
2020-01-25 19:29:07,362 - my_web_test - [basepage.py-->line:32] - INFO: 等待登录页面_用户名输入_('name', 'phone')元素可见成功。
2020-01-25 19:29:07,362 - my_web_test - [basepage.py-->line:34] - INFO: 起始时间：2020-01-25 19:29:07.299404，开始时间：2020-01-25 19:29:07.362408，总计时长：0:00:00.063004
2020-01-25 19:29:07,381 - my_web_test - [basepage.py-->line:61] - INFO: 查找登录页面_用户名输入_('name', 'phone')元素成功。
2020-01-25 19:29:07,600 - my_web_test - [basepage.py-->line:91] - INFO: 登录页面_用户名输入_('name', 'phone')元素中输入内容成功。
2020-01-25 19:29:07,695 - my_web_test - [basepage.py-->line:32] - INFO: 等待登录页面_密码输入_('name', 'password')元素可见成功。
2020-01-25 19:29:07,695 - my_web_test - [basepage.py-->line:34] - INFO: 起始时间：2020-01-25 19:29:07.601422，开始时间：2020-01-25 19:29:07.695427，总计时长：0:00:00.094005
2020-01-25 19:29:07,717 - my_web_test - [basepage.py-->line:61] - INFO: 查找登录页面_密码输入_('name', 'password')元素成功。
2020-01-25 19:29:07,857 - my_web_test - [basepage.py-->line:91] - INFO: 登录页面_密码输入_('name', 'password')元素中输入内容成功。
2020-01-25 19:29:07,919 - my_web_test - [basepage.py-->line:32] - INFO: 等待登录页面输入完成_点击登录按钮_('xpath', '//button[text()="登录"]')元素可见成功。
2020-01-25 19:29:07,920 - my_web_test - [basepage.py-->line:34] - INFO: 起始时间：2020-01-25 19:29:07.858436，开始时间：2020-01-25 19:29:07.920440，总计时长：0:00:00.062004
2020-01-25 19:29:08,031 - my_web_test - [basepage.py-->line:47] - INFO: 等待登录页面输入完成_点击登录按钮_('xpath', '//button[text()="登录"]')元素可点击成功。
2020-01-25 19:29:08,032 - my_web_test - [basepage.py-->line:49] - INFO: 起始时间：2020-01-25 19:29:07.920440，开始时间：2020-01-25 19:29:08.032446，总计时长：0:00:00.112006
2020-01-25 19:29:08,050 - my_web_test - [basepage.py-->line:61] - INFO: 查找登录页面输入完成_点击登录按钮_('xpath', '//button[text()="登录"]')元素成功。
2020-01-25 19:29:08,231 - my_web_test - [basepage.py-->line:77] - INFO: 登录页面输入完成_点击登录按钮_('xpath', '//button[text()="登录"]')元素点击成功。
2020-01-25 19:29:10,335 - my_web_test - [basepage.py-->line:32] - INFO: 等待登录页面_用户名或者密码输入错误后提示内容_('xpath', '//div[@class="form-error-info"]')元素可见成功。
2020-01-25 19:29:10,335 - my_web_test - [basepage.py-->line:34] - INFO: 起始时间：2020-01-25 19:29:10.246573，开始时间：2020-01-25 19:29:10.335578，总计时长：0:00:00.089005
2020-01-25 19:29:10,384 - my_web_test - [basepage.py-->line:61] - INFO: 查找登录页面_用户名或者密码输入错误后提示内容_('xpath', '//div[@class="form-error-info"]')元素成功。
2020-01-25 19:29:10,458 - my_web_test - [basepage.py-->line:105] - INFO: 登录页面_用户名或者密码输入错误后提示内容_('xpath', '//div[@class="form-error-info"]')元素中获取文本内容_请输入密码_成功。
2020-01-25 19:29:19,581 - my_web_test - [basepage.py-->line:32] - INFO: 等待登录页面_用户名输入_('name', 'phone')元素可见成功。
2020-01-25 19:29:19,582 - my_web_test - [basepage.py-->line:34] - INFO: 起始时间：2020-01-25 19:29:19.461100，开始时间：2020-01-25 19:29:19.582107，总计时长：0:00:00.121007
2020-01-25 19:29:19,603 - my_web_test - [basepage.py-->line:61] - INFO: 查找登录页面_用户名输入_('name', 'phone')元素成功。
2020-01-25 19:29:19,753 - my_web_test - [basepage.py-->line:91] - INFO: 登录页面_用户名输入_('name', 'phone')元素中输入内容成功。
2020-01-25 19:29:19,924 - my_web_test - [basepage.py-->line:32] - INFO: 等待登录页面_密码输入_('name', 'password')元素可见成功。
2020-01-25 19:29:19,924 - my_web_test - [basepage.py-->line:34] - INFO: 起始时间：2020-01-25 19:29:19.754117，开始时间：2020-01-25 19:29:19.924127，总计时长：0:00:00.170010
2020-01-25 19:29:19,959 - my_web_test - [basepage.py-->line:61] - INFO: 查找登录页面_密码输入_('name', 'password')元素成功。
2020-01-25 19:29:20,101 - my_web_test - [basepage.py-->line:91] - INFO: 登录页面_密码输入_('name', 'password')元素中输入内容成功。
2020-01-25 19:29:20,197 - my_web_test - [basepage.py-->line:32] - INFO: 等待登录页面输入完成_点击登录按钮_('xpath', '//button[text()="登录"]')元素可见成功。
2020-01-25 19:29:20,197 - my_web_test - [basepage.py-->line:34] - INFO: 起始时间：2020-01-25 19:29:20.102137，开始时间：2020-01-25 19:29:20.197142，总计时长：0:00:00.095005
2020-01-25 19:29:20,317 - my_web_test - [basepage.py-->line:47] - INFO: 等待登录页面输入完成_点击登录按钮_('xpath', '//button[text()="登录"]')元素可点击成功。
2020-01-25 19:29:20,318 - my_web_test - [basepage.py-->line:49] - INFO: 起始时间：2020-01-25 19:29:20.198142，开始时间：2020-01-25 19:29:20.317149，总计时长：0:00:00.119007
2020-01-25 19:29:20,344 - my_web_test - [basepage.py-->line:61] - INFO: 查找登录页面输入完成_点击登录按钮_('xpath', '//button[text()="登录"]')元素成功。
2020-01-25 19:29:20,500 - my_web_test - [basepage.py-->line:77] - INFO: 登录页面输入完成_点击登录按钮_('xpath', '//button[text()="登录"]')元素点击成功。
2020-01-25 19:29:22,564 - my_web_test - [basepage.py-->line:32] - INFO: 等待登录页面_用户名或者密码输入错误后提示内容_('xpath', '//div[@class="form-error-info"]')元素可见成功。
2020-01-25 19:29:22,564 - my_web_test - [basepage.py-->line:34] - INFO: 起始时间：2020-01-25 19:29:22.511274，开始时间：2020-01-25 19:29:22.564278，总计时长：0:00:00.053004
2020-01-25 19:29:22,580 - my_web_test - [basepage.py-->line:61] - INFO: 查找登录页面_用户名或者密码输入错误后提示内容_('xpath', '//div[@class="form-error-info"]')元素成功。
2020-01-25 19:29:22,632 - my_web_test - [basepage.py-->line:105] - INFO: 登录页面_用户名或者密码输入错误后提示内容_('xpath', '//div[@class="form-error-info"]')元素中获取文本内容_请输入手机号_成功。
