2020-01-25 18:32:08,337 - my_web_test - [basepage.py-->line:32] - INFO: 等待登录页面_用户名输入_('name', 'phone')元素可见成功。
2020-01-25 18:32:08,338 - my_web_test - [basepage.py-->line:34] - INFO: 起始时间：2020-01-25 18:32:08.236845，开始时间：2020-01-25 18:32:08.338851，总计时长：0:00:00.102006
2020-01-25 18:32:08,360 - my_web_test - [basepage.py-->line:61] - INFO: 查找登录页面_用户名输入_('name', 'phone')元素成功。
2020-01-25 18:32:08,603 - my_web_test - [basepage.py-->line:91] - INFO: 登录页面_用户名输入_('name', 'phone')元素中输入内容成功。
2020-01-25 18:32:08,705 - my_web_test - [basepage.py-->line:32] - INFO: 等待登录页面_密码输入_('name', 'password')元素可见成功。
2020-01-25 18:32:08,706 - my_web_test - [basepage.py-->line:34] - INFO: 起始时间：2020-01-25 18:32:08.604866，开始时间：2020-01-25 18:32:08.706872，总计时长：0:00:00.102006
2020-01-25 18:32:08,733 - my_web_test - [basepage.py-->line:61] - INFO: 查找登录页面_密码输入_('name', 'password')元素成功。
2020-01-25 18:32:08,984 - my_web_test - [basepage.py-->line:91] - INFO: 登录页面_密码输入_('name', 'password')元素中输入内容成功。
2020-01-25 18:32:09,076 - my_web_test - [basepage.py-->line:32] - INFO: 等待登录页面输入完成_点击登录按钮_('xpath', '//button[text()="登录"]')元素可见成功。
2020-01-25 18:32:09,076 - my_web_test - [basepage.py-->line:34] - INFO: 起始时间：2020-01-25 18:32:08.984888，开始时间：2020-01-25 18:32:09.076893，总计时长：0:00:00.092005
2020-01-25 18:32:09,170 - my_web_test - [basepage.py-->line:47] - INFO: 等待登录页面输入完成_点击登录按钮_('xpath', '//button[text()="登录"]')元素可点击成功。
2020-01-25 18:32:09,170 - my_web_test - [basepage.py-->line:49] - INFO: 起始时间：2020-01-25 18:32:09.077893，开始时间：2020-01-25 18:32:09.170899，总计时长：0:00:00.093006
2020-01-25 18:32:09,189 - my_web_test - [basepage.py-->line:61] - INFO: 查找登录页面输入完成_点击登录按钮_('xpath', '//button[text()="登录"]')元素成功。
2020-01-25 18:32:09,333 - my_web_test - [basepage.py-->line:77] - INFO: 登录页面输入完成_点击登录按钮_('xpath', '//button[text()="登录"]')元素点击成功。
2020-01-25 18:32:40,320 - my_web_test - [basepage.py-->line:32] - INFO: 等待登录页面_用户名输入_('name', 'phone')元素可见成功。
2020-01-25 18:32:40,320 - my_web_test - [basepage.py-->line:34] - INFO: 起始时间：2020-01-25 18:32:40.181672，开始时间：2020-01-25 18:32:40.320680，总计时长：0:00:00.139008
2020-01-25 18:32:40,343 - my_web_test - [basepage.py-->line:61] - INFO: 查找登录页面_用户名输入_('name', 'phone')元素成功。
2020-01-25 18:32:40,496 - my_web_test - [basepage.py-->line:91] - INFO: 登录页面_用户名输入_('name', 'phone')元素中输入内容成功。
2020-01-25 18:32:40,657 - my_web_test - [basepage.py-->line:32] - INFO: 等待登录页面_密码输入_('name', 'password')元素可见成功。
2020-01-25 18:32:40,658 - my_web_test - [basepage.py-->line:34] - INFO: 起始时间：2020-01-25 18:32:40.497690，开始时间：2020-01-25 18:32:40.658700，总计时长：0:00:00.161010
2020-01-25 18:32:40,685 - my_web_test - [basepage.py-->line:61] - INFO: 查找登录页面_密码输入_('name', 'password')元素成功。
2020-01-25 18:32:41,169 - my_web_test - [basepage.py-->line:91] - INFO: 登录页面_密码输入_('name', 'password')元素中输入内容成功。
2020-01-25 18:32:41,232 - my_web_test - [basepage.py-->line:32] - INFO: 等待登录页面输入完成_点击登录按钮_('xpath', '//button[text()="登录"]')元素可见成功。
2020-01-25 18:32:41,232 - my_web_test - [basepage.py-->line:34] - INFO: 起始时间：2020-01-25 18:32:41.170729，开始时间：2020-01-25 18:32:41.232732，总计时长：0:00:00.062003
2020-01-25 18:32:41,289 - my_web_test - [basepage.py-->line:47] - INFO: 等待登录页面输入完成_点击登录按钮_('xpath', '//button[text()="登录"]')元素可点击成功。
2020-01-25 18:32:41,290 - my_web_test - [basepage.py-->line:49] - INFO: 起始时间：2020-01-25 18:32:41.232732，开始时间：2020-01-25 18:32:41.290736，总计时长：0:00:00.058004
2020-01-25 18:32:41,306 - my_web_test - [basepage.py-->line:61] - INFO: 查找登录页面输入完成_点击登录按钮_('xpath', '//button[text()="登录"]')元素成功。
2020-01-25 18:32:41,440 - my_web_test - [basepage.py-->line:77] - INFO: 登录页面输入完成_点击登录按钮_('xpath', '//button[text()="登录"]')元素点击成功。
2020-01-25 18:32:53,136 - my_web_test - [basepage.py-->line:32] - INFO: 等待登录页面_用户名输入_('name', 'phone')元素可见成功。
2020-01-25 18:32:53,136 - my_web_test - [basepage.py-->line:34] - INFO: 起始时间：2020-01-25 18:32:53.007406，开始时间：2020-01-25 18:32:53.136413，总计时长：0:00:00.129007
2020-01-25 18:32:53,159 - my_web_test - [basepage.py-->line:61] - INFO: 查找登录页面_用户名输入_('name', 'phone')元素成功。
2020-01-25 18:32:53,407 - my_web_test - [basepage.py-->line:91] - INFO: 登录页面_用户名输入_('name', 'phone')元素中输入内容成功。
2020-01-25 18:32:53,513 - my_web_test - [basepage.py-->line:32] - INFO: 等待登录页面_密码输入_('name', 'password')元素可见成功。
2020-01-25 18:32:53,514 - my_web_test - [basepage.py-->line:34] - INFO: 起始时间：2020-01-25 18:32:53.408429，开始时间：2020-01-25 18:32:53.514435，总计时长：0:00:00.106006
2020-01-25 18:32:53,549 - my_web_test - [basepage.py-->line:61] - INFO: 查找登录页面_密码输入_('name', 'password')元素成功。
2020-01-25 18:32:53,681 - my_web_test - [basepage.py-->line:91] - INFO: 登录页面_密码输入_('name', 'password')元素中输入内容成功。
2020-01-25 18:32:53,749 - my_web_test - [basepage.py-->line:32] - INFO: 等待登录页面输入完成_点击登录按钮_('xpath', '//button[text()="登录"]')元素可见成功。
2020-01-25 18:32:53,750 - my_web_test - [basepage.py-->line:34] - INFO: 起始时间：2020-01-25 18:32:53.682445，开始时间：2020-01-25 18:32:53.750448，总计时长：0:00:00.068003
2020-01-25 18:32:53,815 - my_web_test - [basepage.py-->line:47] - INFO: 等待登录页面输入完成_点击登录按钮_('xpath', '//button[text()="登录"]')元素可点击成功。
2020-01-25 18:32:53,815 - my_web_test - [basepage.py-->line:49] - INFO: 起始时间：2020-01-25 18:32:53.750448，开始时间：2020-01-25 18:32:53.815452，总计时长：0:00:00.065004
2020-01-25 18:32:53,837 - my_web_test - [basepage.py-->line:61] - INFO: 查找登录页面输入完成_点击登录按钮_('xpath', '//button[text()="登录"]')元素成功。
2020-01-25 18:32:53,934 - my_web_test - [basepage.py-->line:77] - INFO: 登录页面输入完成_点击登录按钮_('xpath', '//button[text()="登录"]')元素点击成功。
