2020-01-25 21:38:00,663 - my_web_test - [basepage.py-->line:32] - INFO: 等待登录页面_用户名输入_('name', 'phone')元素可见成功。
2020-01-25 21:38:00,664 - my_web_test - [basepage.py-->line:34] - INFO: 起始时间：2020-01-25 21:38:00.555721，开始时间：2020-01-25 21:38:00.664728，总计时长：0:00:00.109007
2020-01-25 21:38:00,689 - my_web_test - [basepage.py-->line:61] - INFO: 查找登录页面_用户名输入_('name', 'phone')元素成功。
2020-01-25 21:38:01,021 - my_web_test - [basepage.py-->line:91] - INFO: 登录页面_用户名输入_('name', 'phone')元素中输入内容成功。
2020-01-25 21:38:01,116 - my_web_test - [basepage.py-->line:32] - INFO: 等待登录页面_密码输入_('name', 'password')元素可见成功。
2020-01-25 21:38:01,117 - my_web_test - [basepage.py-->line:34] - INFO: 起始时间：2020-01-25 21:38:01.021748，开始时间：2020-01-25 21:38:01.117754，总计时长：0:00:00.096006
2020-01-25 21:38:01,139 - my_web_test - [basepage.py-->line:61] - INFO: 查找登录页面_密码输入_('name', 'password')元素成功。
2020-01-25 21:38:01,330 - my_web_test - [basepage.py-->line:91] - INFO: 登录页面_密码输入_('name', 'password')元素中输入内容成功。
2020-01-25 21:38:01,405 - my_web_test - [basepage.py-->line:32] - INFO: 等待登录页面输入完成_点击登录按钮_('xpath', '//button[text()="登录"]')元素可见成功。
2020-01-25 21:38:01,405 - my_web_test - [basepage.py-->line:34] - INFO: 起始时间：2020-01-25 21:38:01.331766，开始时间：2020-01-25 21:38:01.405770，总计时长：0:00:00.074004
2020-01-25 21:38:01,476 - my_web_test - [basepage.py-->line:47] - INFO: 等待登录页面输入完成_点击登录按钮_('xpath', '//button[text()="登录"]')元素可点击成功。
2020-01-25 21:38:01,476 - my_web_test - [basepage.py-->line:49] - INFO: 起始时间：2020-01-25 21:38:01.406770，开始时间：2020-01-25 21:38:01.476774，总计时长：0:00:00.070004
2020-01-25 21:38:01,494 - my_web_test - [basepage.py-->line:61] - INFO: 查找登录页面输入完成_点击登录按钮_('xpath', '//button[text()="登录"]')元素成功。
2020-01-25 21:38:01,640 - my_web_test - [basepage.py-->line:77] - INFO: 登录页面输入完成_点击登录按钮_('xpath', '//button[text()="登录"]')元素点击成功。
2020-01-25 21:38:32,242 - my_web_test - [basepage.py-->line:32] - INFO: 等待登录页面_用户名输入_('name', 'phone')元素可见成功。
2020-01-25 21:38:32,243 - my_web_test - [basepage.py-->line:34] - INFO: 起始时间：2020-01-25 21:38:32.167529，开始时间：2020-01-25 21:38:32.243534，总计时长：0:00:00.076005
2020-01-25 21:38:32,261 - my_web_test - [basepage.py-->line:61] - INFO: 查找登录页面_用户名输入_('name', 'phone')元素成功。
2020-01-25 21:38:32,369 - my_web_test - [basepage.py-->line:91] - INFO: 登录页面_用户名输入_('name', 'phone')元素中输入内容成功。
2020-01-25 21:38:32,480 - my_web_test - [basepage.py-->line:32] - INFO: 等待登录页面_密码输入_('name', 'password')元素可见成功。
2020-01-25 21:38:32,480 - my_web_test - [basepage.py-->line:34] - INFO: 起始时间：2020-01-25 21:38:32.370541，开始时间：2020-01-25 21:38:32.480547，总计时长：0:00:00.110006
2020-01-25 21:38:32,503 - my_web_test - [basepage.py-->line:61] - INFO: 查找登录页面_密码输入_('name', 'password')元素成功。
2020-01-25 21:38:32,712 - my_web_test - [basepage.py-->line:91] - INFO: 登录页面_密码输入_('name', 'password')元素中输入内容成功。
2020-01-25 21:38:32,786 - my_web_test - [basepage.py-->line:32] - INFO: 等待登录页面输入完成_点击登录按钮_('xpath', '//button[text()="登录"]')元素可见成功。
2020-01-25 21:38:32,787 - my_web_test - [basepage.py-->line:34] - INFO: 起始时间：2020-01-25 21:38:32.713561，开始时间：2020-01-25 21:38:32.787565，总计时长：0:00:00.074004
2020-01-25 21:38:32,854 - my_web_test - [basepage.py-->line:47] - INFO: 等待登录页面输入完成_点击登录按钮_('xpath', '//button[text()="登录"]')元素可点击成功。
2020-01-25 21:38:32,855 - my_web_test - [basepage.py-->line:49] - INFO: 起始时间：2020-01-25 21:38:32.788565，开始时间：2020-01-25 21:38:32.855569，总计时长：0:00:00.067004
2020-01-25 21:38:32,872 - my_web_test - [basepage.py-->line:61] - INFO: 查找登录页面输入完成_点击登录按钮_('xpath', '//button[text()="登录"]')元素成功。
2020-01-25 21:38:33,099 - my_web_test - [basepage.py-->line:77] - INFO: 登录页面输入完成_点击登录按钮_('xpath', '//button[text()="登录"]')元素点击成功。
2020-01-25 21:38:35,197 - my_web_test - [basepage.py-->line:32] - INFO: 等待登录页面_用户名或者密码输入错误后提示内容_('xpath', '//div[@class="form-error-info"]')元素可见成功。
2020-01-25 21:38:35,197 - my_web_test - [basepage.py-->line:34] - INFO: 起始时间：2020-01-25 21:38:35.116698，开始时间：2020-01-25 21:38:35.197703，总计时长：0:00:00.081005
2020-01-25 21:38:35,222 - my_web_test - [basepage.py-->line:61] - INFO: 查找登录页面_用户名或者密码输入错误后提示内容_('xpath', '//div[@class="form-error-info"]')元素成功。
2020-01-25 21:38:35,269 - my_web_test - [basepage.py-->line:105] - INFO: 登录页面_用户名或者密码输入错误后提示内容_('xpath', '//div[@class="form-error-info"]')元素中获取文本内容_请输入手机号_成功。
2020-01-25 21:38:43,750 - my_web_test - [basepage.py-->line:32] - INFO: 等待登录页面_用户名输入_('name', 'phone')元素可见成功。
2020-01-25 21:38:43,751 - my_web_test - [basepage.py-->line:34] - INFO: 起始时间：2020-01-25 21:38:43.679188，开始时间：2020-01-25 21:38:43.751192，总计时长：0:00:00.072004
2020-01-25 21:38:43,768 - my_web_test - [basepage.py-->line:61] - INFO: 查找登录页面_用户名输入_('name', 'phone')元素成功。
2020-01-25 21:38:44,121 - my_web_test - [basepage.py-->line:91] - INFO: 登录页面_用户名输入_('name', 'phone')元素中输入内容成功。
2020-01-25 21:38:44,275 - my_web_test - [basepage.py-->line:32] - INFO: 等待登录页面_密码输入_('name', 'password')元素可见成功。
2020-01-25 21:38:44,275 - my_web_test - [basepage.py-->line:34] - INFO: 起始时间：2020-01-25 21:38:44.121213，开始时间：2020-01-25 21:38:44.275222，总计时长：0:00:00.154009
2020-01-25 21:38:44,296 - my_web_test - [basepage.py-->line:61] - INFO: 查找登录页面_密码输入_('name', 'password')元素成功。
2020-01-25 21:38:44,430 - my_web_test - [basepage.py-->line:91] - INFO: 登录页面_密码输入_('name', 'password')元素中输入内容成功。
2020-01-25 21:38:44,497 - my_web_test - [basepage.py-->line:32] - INFO: 等待登录页面输入完成_点击登录按钮_('xpath', '//button[text()="登录"]')元素可见成功。
2020-01-25 21:38:44,498 - my_web_test - [basepage.py-->line:34] - INFO: 起始时间：2020-01-25 21:38:44.431231，开始时间：2020-01-25 21:38:44.498235，总计时长：0:00:00.067004
2020-01-25 21:38:44,578 - my_web_test - [basepage.py-->line:47] - INFO: 等待登录页面输入完成_点击登录按钮_('xpath', '//button[text()="登录"]')元素可点击成功。
2020-01-25 21:38:44,578 - my_web_test - [basepage.py-->line:49] - INFO: 起始时间：2020-01-25 21:38:44.498235，开始时间：2020-01-25 21:38:44.578239，总计时长：0:00:00.080004
2020-01-25 21:38:44,597 - my_web_test - [basepage.py-->line:61] - INFO: 查找登录页面输入完成_点击登录按钮_('xpath', '//button[text()="登录"]')元素成功。
2020-01-25 21:38:44,731 - my_web_test - [basepage.py-->line:77] - INFO: 登录页面输入完成_点击登录按钮_('xpath', '//button[text()="登录"]')元素点击成功。
2020-01-25 21:38:46,860 - my_web_test - [basepage.py-->line:32] - INFO: 等待登录页面_用户名或者密码输入错误后提示内容_('xpath', '//div[@class="form-error-info"]')元素可见成功。
2020-01-25 21:38:46,860 - my_web_test - [basepage.py-->line:34] - INFO: 起始时间：2020-01-25 21:38:46.748363，开始时间：2020-01-25 21:38:46.860370，总计时长：0:00:00.112007
2020-01-25 21:38:46,893 - my_web_test - [basepage.py-->line:61] - INFO: 查找登录页面_用户名或者密码输入错误后提示内容_('xpath', '//div[@class="form-error-info"]')元素成功。
2020-01-25 21:38:46,944 - my_web_test - [basepage.py-->line:105] - INFO: 登录页面_用户名或者密码输入错误后提示内容_('xpath', '//div[@class="form-error-info"]')元素中获取文本内容_请输入密码_成功。
2020-01-25 21:38:55,547 - my_web_test - [basepage.py-->line:32] - INFO: 等待登录页面_用户名输入_('name', 'phone')元素可见成功。
2020-01-25 21:38:55,547 - my_web_test - [basepage.py-->line:34] - INFO: 起始时间：2020-01-25 21:38:55.489863，开始时间：2020-01-25 21:38:55.547867，总计时长：0:00:00.058004
2020-01-25 21:38:55,561 - my_web_test - [basepage.py-->line:61] - INFO: 查找登录页面_用户名输入_('name', 'phone')元素成功。
2020-01-25 21:38:55,628 - my_web_test - [basepage.py-->line:91] - INFO: 登录页面_用户名输入_('name', 'phone')元素中输入内容成功。
2020-01-25 21:38:55,680 - my_web_test - [basepage.py-->line:32] - INFO: 等待登录页面_密码输入_('name', 'password')元素可见成功。
2020-01-25 21:38:55,681 - my_web_test - [basepage.py-->line:34] - INFO: 起始时间：2020-01-25 21:38:55.628871，开始时间：2020-01-25 21:38:55.681874，总计时长：0:00:00.053003
2020-01-25 21:38:55,692 - my_web_test - [basepage.py-->line:61] - INFO: 查找登录页面_密码输入_('name', 'password')元素成功。
2020-01-25 21:38:55,767 - my_web_test - [basepage.py-->line:91] - INFO: 登录页面_密码输入_('name', 'password')元素中输入内容成功。
2020-01-25 21:38:55,807 - my_web_test - [basepage.py-->line:32] - INFO: 等待登录页面输入完成_点击登录按钮_('xpath', '//button[text()="登录"]')元素可见成功。
2020-01-25 21:38:55,807 - my_web_test - [basepage.py-->line:34] - INFO: 起始时间：2020-01-25 21:38:55.768879，开始时间：2020-01-25 21:38:55.807882，总计时长：0:00:00.039003
2020-01-25 21:38:55,853 - my_web_test - [basepage.py-->line:47] - INFO: 等待登录页面输入完成_点击登录按钮_('xpath', '//button[text()="登录"]')元素可点击成功。
2020-01-25 21:38:55,853 - my_web_test - [basepage.py-->line:49] - INFO: 起始时间：2020-01-25 21:38:55.808882，开始时间：2020-01-25 21:38:55.853884，总计时长：0:00:00.045002
2020-01-25 21:38:55,864 - my_web_test - [basepage.py-->line:61] - INFO: 查找登录页面输入完成_点击登录按钮_('xpath', '//button[text()="登录"]')元素成功。
2020-01-25 21:38:55,951 - my_web_test - [basepage.py-->line:77] - INFO: 登录页面输入完成_点击登录按钮_('xpath', '//button[text()="登录"]')元素点击成功。
2020-01-25 21:38:58,039 - my_web_test - [basepage.py-->line:32] - INFO: 等待登录页面_用户名或者密码输入错误后提示内容_('xpath', '//div[@class="form-error-info"]')元素可见成功。
2020-01-25 21:38:58,039 - my_web_test - [basepage.py-->line:34] - INFO: 起始时间：2020-01-25 21:38:57.967005，开始时间：2020-01-25 21:38:58.039009，总计时长：0:00:00.072004
2020-01-25 21:38:58,060 - my_web_test - [basepage.py-->line:61] - INFO: 查找登录页面_用户名或者密码输入错误后提示内容_('xpath', '//div[@class="form-error-info"]')元素成功。
2020-01-25 21:38:58,123 - my_web_test - [basepage.py-->line:105] - INFO: 登录页面_用户名或者密码输入错误后提示内容_('xpath', '//div[@class="form-error-info"]')元素中获取文本内容_请输入手机号_成功。
