2020-01-25 17:13:36,376 - my_web_test - [basepage.py-->line:23] - INFO: 等待登录页面_用户名输入_('name', 'phone')元素可见。
2020-01-25 17:13:36,519 - my_web_test - [basepage.py-->line:34] - INFO: 起始时间：2020-01-25 17:13:36.377342，开始时间：2020-01-25 17:13:36.519350，总计时长：0:00:00.142008
2020-01-25 17:13:36,544 - my_web_test - [basepage.py-->line:46] - INFO: 查找登录页面_用户名输入_('name', 'phone')元素成功。
2020-01-25 17:13:36,825 - my_web_test - [basepage.py-->line:75] - INFO: 登录页面_用户名输入_('name', 'phone')元素中输入内容成功。
2020-01-25 17:13:36,826 - my_web_test - [basepage.py-->line:23] - INFO: 等待登录页面_密码输入_('name', 'password')元素可见。
2020-01-25 17:13:36,919 - my_web_test - [basepage.py-->line:34] - INFO: 起始时间：2020-01-25 17:13:36.826368，开始时间：2020-01-25 17:13:36.919373，总计时长：0:00:00.093005
2020-01-25 17:13:36,941 - my_web_test - [basepage.py-->line:46] - INFO: 查找登录页面_密码输入_('name', 'password')元素成功。
2020-01-25 17:13:37,130 - my_web_test - [basepage.py-->line:75] - INFO: 登录页面_密码输入_('name', 'password')元素中输入内容成功。
2020-01-25 17:13:37,131 - my_web_test - [basepage.py-->line:23] - INFO: 等待登录页面输入完成_点击登录按钮_('xpath', '//button[text()="登录"]')元素可见。
2020-01-25 17:13:37,203 - my_web_test - [basepage.py-->line:34] - INFO: 起始时间：2020-01-25 17:13:37.131385，开始时间：2020-01-25 17:13:37.203390，总计时长：0:00:00.072005
2020-01-25 17:13:37,223 - my_web_test - [basepage.py-->line:46] - INFO: 查找登录页面输入完成_点击登录按钮_('xpath', '//button[text()="登录"]')元素成功。
2020-01-25 17:13:37,343 - my_web_test - [basepage.py-->line:61] - INFO: 登录页面输入完成_点击登录按钮_('xpath', '//button[text()="登录"]')元素点击成功。
2020-01-25 17:13:37,347 - my_web_test - [basepage.py-->line:23] - INFO: 等待登录成功后_点击页面第一个抢投标_('xpath', '//a[text()="抢投标"]')元素可见。
2020-01-25 17:13:59,342 - my_web_test - [basepage.py-->line:34] - INFO: 起始时间：2020-01-25 17:13:37.347398，开始时间：2020-01-25 17:13:59.342656，总计时长：0:00:21.995258
2020-01-25 17:13:59,366 - my_web_test - [basepage.py-->line:46] - INFO: 查找登录成功后_点击页面第一个抢投标_('xpath', '//a[text()="抢投标"]')元素成功。
2020-01-25 17:14:23,053 - my_web_test - [basepage.py-->line:61] - INFO: 登录成功后_点击页面第一个抢投标_('xpath', '//a[text()="抢投标"]')元素点击成功。
2020-01-25 17:14:25,054 - my_web_test - [basepage.py-->line:23] - INFO: 等待投标详情页_用户投标金额_('xpath', '//input[@class="form-control invest-unit-investinput"]')元素可见。
2020-01-25 17:14:25,144 - my_web_test - [basepage.py-->line:34] - INFO: 起始时间：2020-01-25 17:14:25.054126，开始时间：2020-01-25 17:14:25.144132，总计时长：0:00:00.090006
2020-01-25 17:14:25,175 - my_web_test - [basepage.py-->line:46] - INFO: 查找投标详情页_用户投标金额_('xpath', '//input[@class="form-control invest-unit-investinput"]')元素成功。
2020-01-25 17:14:25,473 - my_web_test - [basepage.py-->line:75] - INFO: 投标详情页_用户投标金额_('xpath', '//input[@class="form-control invest-unit-investinput"]')元素中输入内容成功。
2020-01-25 17:14:25,474 - my_web_test - [basepage.py-->line:23] - INFO: 等待投标详情页_确定按钮中的文字_('xpath', '//button[@class="btn btn-special height_style"]')元素可见。
2020-01-25 17:14:25,575 - my_web_test - [basepage.py-->line:34] - INFO: 起始时间：2020-01-25 17:14:25.474150，开始时间：2020-01-25 17:14:25.575156，总计时长：0:00:00.101006
2020-01-25 17:14:25,595 - my_web_test - [basepage.py-->line:46] - INFO: 查找投标详情页_确定按钮中的文字_('xpath', '//button[@class="btn btn-special height_style"]')元素成功。
2020-01-25 17:14:25,641 - my_web_test - [basepage.py-->line:89] - INFO: 投标详情页_确定按钮中的文字_('xpath', '//button[@class="btn btn-special height_style"]')元素中获取文本内容成功。
2020-01-25 17:14:25,641 - my_web_test - [basepage.py-->line:23] - INFO: 等待投标详情页_确定按钮中的文字_('xpath', '//button[@class="btn btn-special height_style"]')元素可见。
2020-01-25 17:14:25,698 - my_web_test - [basepage.py-->line:34] - INFO: 起始时间：2020-01-25 17:14:25.642160，开始时间：2020-01-25 17:14:25.698163，总计时长：0:00:00.056003
2020-01-25 17:14:25,720 - my_web_test - [basepage.py-->line:46] - INFO: 查找投标详情页_确定按钮中的文字_('xpath', '//button[@class="btn btn-special height_style"]')元素成功。
2020-01-25 17:14:25,745 - my_web_test - [basepage.py-->line:89] - INFO: 投标详情页_确定按钮中的文字_('xpath', '//button[@class="btn btn-special height_style"]')元素中获取文本内容成功。
2020-01-25 17:14:34,196 - my_web_test - [basepage.py-->line:23] - INFO: 等待登录页面_用户名输入_('name', 'phone')元素可见。
2020-01-25 17:14:34,332 - my_web_test - [basepage.py-->line:34] - INFO: 起始时间：2020-01-25 17:14:34.196649，开始时间：2020-01-25 17:14:34.331657，总计时长：0:00:00.135008
2020-01-25 17:14:34,376 - my_web_test - [basepage.py-->line:46] - INFO: 查找登录页面_用户名输入_('name', 'phone')元素成功。
2020-01-25 17:14:34,808 - my_web_test - [basepage.py-->line:75] - INFO: 登录页面_用户名输入_('name', 'phone')元素中输入内容成功。
2020-01-25 17:14:34,808 - my_web_test - [basepage.py-->line:23] - INFO: 等待登录页面_密码输入_('name', 'password')元素可见。
2020-01-25 17:14:34,938 - my_web_test - [basepage.py-->line:34] - INFO: 起始时间：2020-01-25 17:14:34.808684，开始时间：2020-01-25 17:14:34.938692，总计时长：0:00:00.130008
2020-01-25 17:14:34,960 - my_web_test - [basepage.py-->line:46] - INFO: 查找登录页面_密码输入_('name', 'password')元素成功。
2020-01-25 17:14:35,258 - my_web_test - [basepage.py-->line:75] - INFO: 登录页面_密码输入_('name', 'password')元素中输入内容成功。
2020-01-25 17:14:35,259 - my_web_test - [basepage.py-->line:23] - INFO: 等待登录页面输入完成_点击登录按钮_('xpath', '//button[text()="登录"]')元素可见。
2020-01-25 17:14:35,345 - my_web_test - [basepage.py-->line:34] - INFO: 起始时间：2020-01-25 17:14:35.259710，开始时间：2020-01-25 17:14:35.345715，总计时长：0:00:00.086005
2020-01-25 17:14:35,382 - my_web_test - [basepage.py-->line:46] - INFO: 查找登录页面输入完成_点击登录按钮_('xpath', '//button[text()="登录"]')元素成功。
2020-01-25 17:14:35,546 - my_web_test - [basepage.py-->line:61] - INFO: 登录页面输入完成_点击登录按钮_('xpath', '//button[text()="登录"]')元素点击成功。
2020-01-25 17:14:35,550 - my_web_test - [basepage.py-->line:23] - INFO: 等待登录成功后_点击页面第一个抢投标_('xpath', '//a[text()="抢投标"]')元素可见。
2020-01-25 17:14:57,604 - my_web_test - [basepage.py-->line:34] - INFO: 起始时间：2020-01-25 17:14:35.551727，开始时间：2020-01-25 17:14:57.604988，总计时长：0:00:22.053261
2020-01-25 17:14:57,627 - my_web_test - [basepage.py-->line:46] - INFO: 查找登录成功后_点击页面第一个抢投标_('xpath', '//a[text()="抢投标"]')元素成功。
2020-01-25 17:15:21,458 - my_web_test - [basepage.py-->line:61] - INFO: 登录成功后_点击页面第一个抢投标_('xpath', '//a[text()="抢投标"]')元素点击成功。
2020-01-25 17:15:23,458 - my_web_test - [basepage.py-->line:23] - INFO: 等待投标详情页_用户投标金额_('xpath', '//input[@class="form-control invest-unit-investinput"]')元素可见。
2020-01-25 17:15:23,562 - my_web_test - [basepage.py-->line:34] - INFO: 起始时间：2020-01-25 17:15:23.458467，开始时间：2020-01-25 17:15:23.562473，总计时长：0:00:00.104006
2020-01-25 17:15:23,588 - my_web_test - [basepage.py-->line:46] - INFO: 查找投标详情页_用户投标金额_('xpath', '//input[@class="form-control invest-unit-investinput"]')元素成功。
2020-01-25 17:15:23,901 - my_web_test - [basepage.py-->line:75] - INFO: 投标详情页_用户投标金额_('xpath', '//input[@class="form-control invest-unit-investinput"]')元素中输入内容成功。
2020-01-25 17:15:23,901 - my_web_test - [basepage.py-->line:23] - INFO: 等待投标详情页_确定按钮中的文字_('xpath', '//button[@class="btn btn-special height_style"]')元素可见。
2020-01-25 17:15:24,020 - my_web_test - [basepage.py-->line:34] - INFO: 起始时间：2020-01-25 17:15:23.902492，开始时间：2020-01-25 17:15:24.020499，总计时长：0:00:00.118007
2020-01-25 17:15:24,042 - my_web_test - [basepage.py-->line:46] - INFO: 查找投标详情页_确定按钮中的文字_('xpath', '//button[@class="btn btn-special height_style"]')元素成功。
2020-01-25 17:15:24,099 - my_web_test - [basepage.py-->line:89] - INFO: 投标详情页_确定按钮中的文字_('xpath', '//button[@class="btn btn-special height_style"]')元素中获取文本内容成功。
2020-01-25 17:15:24,100 - my_web_test - [basepage.py-->line:23] - INFO: 等待投标详情页_确定按钮中的文字_('xpath', '//button[@class="btn btn-special height_style"]')元素可见。
2020-01-25 17:15:24,188 - my_web_test - [basepage.py-->line:34] - INFO: 起始时间：2020-01-25 17:15:24.100504，开始时间：2020-01-25 17:15:24.188509，总计时长：0:00:00.088005
2020-01-25 17:15:24,234 - my_web_test - [basepage.py-->line:46] - INFO: 查找投标详情页_确定按钮中的文字_('xpath', '//button[@class="btn btn-special height_style"]')元素成功。
2020-01-25 17:15:24,256 - my_web_test - [basepage.py-->line:89] - INFO: 投标详情页_确定按钮中的文字_('xpath', '//button[@class="btn btn-special height_style"]')元素中获取文本内容成功。
2020-01-25 17:15:32,937 - my_web_test - [basepage.py-->line:23] - INFO: 等待登录页面_用户名输入_('name', 'phone')元素可见。
2020-01-25 17:15:33,173 - my_web_test - [basepage.py-->line:34] - INFO: 起始时间：2020-01-25 17:15:32.938009，开始时间：2020-01-25 17:15:33.173023，总计时长：0:00:00.235014
2020-01-25 17:15:33,212 - my_web_test - [basepage.py-->line:46] - INFO: 查找登录页面_用户名输入_('name', 'phone')元素成功。
2020-01-25 17:15:33,579 - my_web_test - [basepage.py-->line:75] - INFO: 登录页面_用户名输入_('name', 'phone')元素中输入内容成功。
2020-01-25 17:15:33,579 - my_web_test - [basepage.py-->line:23] - INFO: 等待登录页面_密码输入_('name', 'password')元素可见。
2020-01-25 17:15:33,693 - my_web_test - [basepage.py-->line:34] - INFO: 起始时间：2020-01-25 17:15:33.580046，开始时间：2020-01-25 17:15:33.693052，总计时长：0:00:00.113006
2020-01-25 17:15:33,728 - my_web_test - [basepage.py-->line:46] - INFO: 查找登录页面_密码输入_('name', 'password')元素成功。
2020-01-25 17:15:34,002 - my_web_test - [basepage.py-->line:75] - INFO: 登录页面_密码输入_('name', 'password')元素中输入内容成功。
2020-01-25 17:15:34,003 - my_web_test - [basepage.py-->line:23] - INFO: 等待登录页面输入完成_点击登录按钮_('xpath', '//button[text()="登录"]')元素可见。
2020-01-25 17:15:34,086 - my_web_test - [basepage.py-->line:34] - INFO: 起始时间：2020-01-25 17:15:34.003070，开始时间：2020-01-25 17:15:34.086075，总计时长：0:00:00.083005
2020-01-25 17:15:34,104 - my_web_test - [basepage.py-->line:46] - INFO: 查找登录页面输入完成_点击登录按钮_('xpath', '//button[text()="登录"]')元素成功。
2020-01-25 17:15:34,263 - my_web_test - [basepage.py-->line:61] - INFO: 登录页面输入完成_点击登录按钮_('xpath', '//button[text()="登录"]')元素点击成功。
2020-01-25 17:15:34,267 - my_web_test - [basepage.py-->line:23] - INFO: 等待登录成功后_点击页面第一个抢投标_('xpath', '//a[text()="抢投标"]')元素可见。
2020-01-25 17:15:56,763 - my_web_test - [basepage.py-->line:34] - INFO: 起始时间：2020-01-25 17:15:34.267085，开始时间：2020-01-25 17:15:56.763372，总计时长：0:00:22.496287
2020-01-25 17:15:56,792 - my_web_test - [basepage.py-->line:46] - INFO: 查找登录成功后_点击页面第一个抢投标_('xpath', '//a[text()="抢投标"]')元素成功。
2020-01-25 17:16:20,772 - my_web_test - [basepage.py-->line:61] - INFO: 登录成功后_点击页面第一个抢投标_('xpath', '//a[text()="抢投标"]')元素点击成功。
2020-01-25 17:16:22,773 - my_web_test - [basepage.py-->line:23] - INFO: 等待投标详情页_用户投标金额_('xpath', '//input[@class="form-control invest-unit-investinput"]')元素可见。
2020-01-25 17:16:22,870 - my_web_test - [basepage.py-->line:34] - INFO: 起始时间：2020-01-25 17:16:22.773860，开始时间：2020-01-25 17:16:22.870865，总计时长：0:00:00.097005
2020-01-25 17:16:22,892 - my_web_test - [basepage.py-->line:46] - INFO: 查找投标详情页_用户投标金额_('xpath', '//input[@class="form-control invest-unit-investinput"]')元素成功。
2020-01-25 17:16:23,272 - my_web_test - [basepage.py-->line:75] - INFO: 投标详情页_用户投标金额_('xpath', '//input[@class="form-control invest-unit-investinput"]')元素中输入内容成功。
2020-01-25 17:16:23,273 - my_web_test - [basepage.py-->line:23] - INFO: 等待投标详情页_确定按钮中的文字_('xpath', '//button[@class="btn btn-special height_style"]')元素可见。
2020-01-25 17:16:23,371 - my_web_test - [basepage.py-->line:34] - INFO: 起始时间：2020-01-25 17:16:23.273888，开始时间：2020-01-25 17:16:23.371894，总计时长：0:00:00.098006
2020-01-25 17:16:23,408 - my_web_test - [basepage.py-->line:46] - INFO: 查找投标详情页_确定按钮中的文字_('xpath', '//button[@class="btn btn-special height_style"]')元素成功。
2020-01-25 17:16:23,475 - my_web_test - [basepage.py-->line:89] - INFO: 投标详情页_确定按钮中的文字_('xpath', '//button[@class="btn btn-special height_style"]')元素中获取文本内容成功。
2020-01-25 17:16:23,476 - my_web_test - [basepage.py-->line:23] - INFO: 等待投标详情页_确定按钮中的文字_('xpath', '//button[@class="btn btn-special height_style"]')元素可见。
2020-01-25 17:16:23,529 - my_web_test - [basepage.py-->line:34] - INFO: 起始时间：2020-01-25 17:16:23.476900，开始时间：2020-01-25 17:16:23.529903，总计时长：0:00:00.053003
2020-01-25 17:16:23,551 - my_web_test - [basepage.py-->line:46] - INFO: 查找投标详情页_确定按钮中的文字_('xpath', '//button[@class="btn btn-special height_style"]')元素成功。
2020-01-25 17:16:23,573 - my_web_test - [basepage.py-->line:89] - INFO: 投标详情页_确定按钮中的文字_('xpath', '//button[@class="btn btn-special height_style"]')元素中获取文本内容成功。
2020-01-25 17:16:32,523 - my_web_test - [basepage.py-->line:23] - INFO: 等待登录页面_用户名输入_('name', 'phone')元素可见。
2020-01-25 17:16:32,618 - my_web_test - [basepage.py-->line:34] - INFO: 起始时间：2020-01-25 17:16:32.523417，开始时间：2020-01-25 17:16:32.618423，总计时长：0:00:00.095006
2020-01-25 17:16:32,639 - my_web_test - [basepage.py-->line:46] - INFO: 查找登录页面_用户名输入_('name', 'phone')元素成功。
2020-01-25 17:16:32,922 - my_web_test - [basepage.py-->line:75] - INFO: 登录页面_用户名输入_('name', 'phone')元素中输入内容成功。
2020-01-25 17:16:32,923 - my_web_test - [basepage.py-->line:23] - INFO: 等待登录页面_密码输入_('name', 'password')元素可见。
2020-01-25 17:16:33,024 - my_web_test - [basepage.py-->line:34] - INFO: 起始时间：2020-01-25 17:16:32.923440，开始时间：2020-01-25 17:16:33.024446，总计时长：0:00:00.101006
2020-01-25 17:16:33,045 - my_web_test - [basepage.py-->line:46] - INFO: 查找登录页面_密码输入_('name', 'password')元素成功。
2020-01-25 17:16:33,250 - my_web_test - [basepage.py-->line:75] - INFO: 登录页面_密码输入_('name', 'password')元素中输入内容成功。
2020-01-25 17:16:33,250 - my_web_test - [basepage.py-->line:23] - INFO: 等待登录页面输入完成_点击登录按钮_('xpath', '//button[text()="登录"]')元素可见。
2020-01-25 17:16:33,334 - my_web_test - [basepage.py-->line:34] - INFO: 起始时间：2020-01-25 17:16:33.251459，开始时间：2020-01-25 17:16:33.334464，总计时长：0:00:00.083005
2020-01-25 17:16:33,359 - my_web_test - [basepage.py-->line:46] - INFO: 查找登录页面输入完成_点击登录按钮_('xpath', '//button[text()="登录"]')元素成功。
2020-01-25 17:16:33,510 - my_web_test - [basepage.py-->line:61] - INFO: 登录页面输入完成_点击登录按钮_('xpath', '//button[text()="登录"]')元素点击成功。
2020-01-25 17:16:33,514 - my_web_test - [basepage.py-->line:23] - INFO: 等待登录成功后_点击页面第一个抢投标_('xpath', '//a[text()="抢投标"]')元素可见。
