2020-01-30 20:22:27,654 - my_web_test - [basepage.py-->line:32] - INFO: 等待登录页面_用户名输入_('name', 'account')元素可见成功。
2020-01-30 20:22:27,654 - my_web_test - [basepage.py-->line:34] - INFO: 起始时间：2020-01-30 20:22:27.560196，开始时间：2020-01-30 20:22:27.654201，总计时长：0:00:00.094005
2020-01-30 20:22:27,675 - my_web_test - [basepage.py-->line:61] - INFO: 查找登录页面_用户名输入_('name', 'account')元素成功。
2020-01-30 20:22:27,946 - my_web_test - [basepage.py-->line:91] - INFO: 登录页面_用户名输入_('name', 'account')元素中输入内容成功。
2020-01-30 20:22:28,033 - my_web_test - [basepage.py-->line:32] - INFO: 等待登录页面_密码输入_('name', 'pass')元素可见成功。
2020-01-30 20:22:28,033 - my_web_test - [basepage.py-->line:34] - INFO: 起始时间：2020-01-30 20:22:27.947218，开始时间：2020-01-30 20:22:28.033223，总计时长：0:00:00.086005
2020-01-30 20:22:28,052 - my_web_test - [basepage.py-->line:61] - INFO: 查找登录页面_密码输入_('name', 'pass')元素成功。
2020-01-30 20:22:28,218 - my_web_test - [basepage.py-->line:91] - INFO: 登录页面_密码输入_('name', 'pass')元素中输入内容成功。
2020-01-30 20:22:28,282 - my_web_test - [basepage.py-->line:32] - INFO: 等待登录页面输入完成_点击登录按钮_('xpath', '//div[@class="padding-cont pt-login"]//a[@class="btn-btn"]')元素可见成功。
2020-01-30 20:22:28,283 - my_web_test - [basepage.py-->line:34] - INFO: 起始时间：2020-01-30 20:22:28.219233，开始时间：2020-01-30 20:22:28.283237，总计时长：0:00:00.064004
2020-01-30 20:22:28,354 - my_web_test - [basepage.py-->line:47] - INFO: 等待登录页面输入完成_点击登录按钮_('xpath', '//div[@class="padding-cont pt-login"]//a[@class="btn-btn"]')元素可点击成功。
2020-01-30 20:22:28,355 - my_web_test - [basepage.py-->line:49] - INFO: 起始时间：2020-01-30 20:22:28.283237，开始时间：2020-01-30 20:22:28.355241，总计时长：0:00:00.072004
2020-01-30 20:22:28,378 - my_web_test - [basepage.py-->line:61] - INFO: 查找登录页面输入完成_点击登录按钮_('xpath', '//div[@class="padding-cont pt-login"]//a[@class="btn-btn"]')元素成功。
2020-01-30 20:22:30,313 - my_web_test - [basepage.py-->line:77] - INFO: 登录页面输入完成_点击登录按钮_('xpath', '//div[@class="padding-cont pt-login"]//a[@class="btn-btn"]')元素点击成功。
2020-01-30 20:22:32,382 - my_web_test - [basepage.py-->line:32] - INFO: 等待登录成功后_点击页面信息提示框中的关闭按钮_('xpath', '//a[@class="close"]')元素可见成功。
2020-01-30 20:22:32,382 - my_web_test - [basepage.py-->line:34] - INFO: 起始时间：2020-01-30 20:22:32.314468，开始时间：2020-01-30 20:22:32.382471，总计时长：0:00:00.068003
2020-01-30 20:22:32,452 - my_web_test - [basepage.py-->line:47] - INFO: 等待登录成功后_点击页面信息提示框中的关闭按钮_('xpath', '//a[@class="close"]')元素可点击成功。
2020-01-30 20:22:32,453 - my_web_test - [basepage.py-->line:49] - INFO: 起始时间：2020-01-30 20:22:32.383471，开始时间：2020-01-30 20:22:32.453475，总计时长：0:00:00.070004
2020-01-30 20:22:32,475 - my_web_test - [basepage.py-->line:61] - INFO: 查找登录成功后_点击页面信息提示框中的关闭按钮_('xpath', '//a[@class="close"]')元素成功。
2020-01-30 20:22:32,771 - my_web_test - [basepage.py-->line:77] - INFO: 登录成功后_点击页面信息提示框中的关闭按钮_('xpath', '//a[@class="close"]')元素点击成功。
2020-01-30 20:22:32,853 - my_web_test - [basepage.py-->line:32] - INFO: 等待点击私信进入私信页面_('xpath', '//div[@class="privateLetter"]//a')元素可见成功。
2020-01-30 20:22:32,854 - my_web_test - [basepage.py-->line:34] - INFO: 起始时间：2020-01-30 20:22:32.777494，开始时间：2020-01-30 20:22:32.854498，总计时长：0:00:00.077004
2020-01-30 20:22:32,924 - my_web_test - [basepage.py-->line:47] - INFO: 等待点击私信进入私信页面_('xpath', '//div[@class="privateLetter"]//a')元素可点击成功。
2020-01-30 20:22:32,925 - my_web_test - [basepage.py-->line:49] - INFO: 起始时间：2020-01-30 20:22:32.854498，开始时间：2020-01-30 20:22:32.925502，总计时长：0:00:00.071004
2020-01-30 20:22:32,946 - my_web_test - [basepage.py-->line:61] - INFO: 查找点击私信进入私信页面_('xpath', '//div[@class="privateLetter"]//a')元素成功。
2020-01-30 20:22:33,249 - my_web_test - [basepage.py-->line:77] - INFO: 点击私信进入私信页面_('xpath', '//div[@class="privateLetter"]//a')元素点击成功。
2020-01-30 20:22:33,256 - my_web_test - [basepage.py-->line:133] - ERROR: 在查看所有的handles页面中获取当前所有句柄成功
NoneType: None
2020-01-30 20:22:33,266 - my_web_test - [basepage.py-->line:133] - ERROR: 在切换handle至私信界面页面中获取当前所有句柄成功
NoneType: None
2020-01-30 20:22:33,267 - my_web_test - [basepage.py-->line:146] - ERROR: 在切换handle至私信界面页面中切换到最新的handle成功
NoneType: None
2020-01-30 20:23:05,760 - my_web_test - [basepage.py-->line:27] - ERROR: 等待点击输入框_('xpath', '//textarea[@class="ps-container"]')元素失败
Traceback (most recent call last):
  File "F:\python\ketangpaiweb\CommonHandle\basepage.py", line 25, in ele_wait
    ww(self.driver, timeout, poll_frequency=frequency).until(EC.visibility_of_element_located(loc))
  File "D:\softWare\python\lib\site-packages\selenium\webdriver\support\wait.py", line 80, in until
    raise TimeoutException(message, screen, stacktrace)
selenium.common.exceptions.TimeoutException: Message: 

2020-01-30 20:23:06,597 - my_web_test - [basepage.py-->line:163] - INFO: 图片点击输入框_20200130202305.png存放成功
