2020-01-30 18:49:09,213 - my_web_test - [basepage.py-->line:32] - INFO: 等待登录页面_用户名输入_('name', 'account')元素可见成功。
2020-01-30 18:49:09,213 - my_web_test - [basepage.py-->line:34] - INFO: 起始时间：2020-01-30 18:49:09.091294，开始时间：2020-01-30 18:49:09.213301，总计时长：0:00:00.122007
2020-01-30 18:49:09,228 - my_web_test - [basepage.py-->line:61] - INFO: 查找登录页面_用户名输入_('name', 'account')元素成功。
2020-01-30 18:49:09,419 - my_web_test - [basepage.py-->line:91] - INFO: 登录页面_用户名输入_('name', 'account')元素中输入内容成功。
2020-01-30 18:49:09,487 - my_web_test - [basepage.py-->line:32] - INFO: 等待登录页面_密码输入_('name', 'pass')元素可见成功。
2020-01-30 18:49:09,488 - my_web_test - [basepage.py-->line:34] - INFO: 起始时间：2020-01-30 18:49:09.420110，开始时间：2020-01-30 18:49:09.488312，总计时长：0:00:00.068202
2020-01-30 18:49:09,507 - my_web_test - [basepage.py-->line:61] - INFO: 查找登录页面_密码输入_('name', 'pass')元素成功。
2020-01-30 18:49:09,653 - my_web_test - [basepage.py-->line:91] - INFO: 登录页面_密码输入_('name', 'pass')元素中输入内容成功。
2020-01-30 18:49:09,714 - my_web_test - [basepage.py-->line:32] - INFO: 等待登录页面输入完成_点击登录按钮_('xpath', '//div[@class="padding-cont pt-login"]//a[@class="btn-btn"]')元素可见成功。
2020-01-30 18:49:09,714 - my_web_test - [basepage.py-->line:34] - INFO: 起始时间：2020-01-30 18:49:09.654321，开始时间：2020-01-30 18:49:09.714325，总计时长：0:00:00.060004
2020-01-30 18:49:09,780 - my_web_test - [basepage.py-->line:47] - INFO: 等待登录页面输入完成_点击登录按钮_('xpath', '//div[@class="padding-cont pt-login"]//a[@class="btn-btn"]')元素可点击成功。
2020-01-30 18:49:09,780 - my_web_test - [basepage.py-->line:49] - INFO: 起始时间：2020-01-30 18:49:09.714325，开始时间：2020-01-30 18:49:09.780329，总计时长：0:00:00.066004
2020-01-30 18:49:09,798 - my_web_test - [basepage.py-->line:61] - INFO: 查找登录页面输入完成_点击登录按钮_('xpath', '//div[@class="padding-cont pt-login"]//a[@class="btn-btn"]')元素成功。
2020-01-30 18:49:11,199 - my_web_test - [basepage.py-->line:77] - INFO: 登录页面输入完成_点击登录按钮_('xpath', '//div[@class="padding-cont pt-login"]//a[@class="btn-btn"]')元素点击成功。
2020-01-30 18:49:13,269 - my_web_test - [basepage.py-->line:32] - INFO: 等待登录成功后_点击页面信息提示框中的关闭按钮_('xpath', '//a[@class="close"]')元素可见成功。
2020-01-30 18:49:13,269 - my_web_test - [basepage.py-->line:34] - INFO: 起始时间：2020-01-30 18:49:13.200097，开始时间：2020-01-30 18:49:13.269899，总计时长：0:00:00.069802
2020-01-30 18:49:13,339 - my_web_test - [basepage.py-->line:47] - INFO: 等待登录成功后_点击页面信息提示框中的关闭按钮_('xpath', '//a[@class="close"]')元素可点击成功。
2020-01-30 18:49:13,339 - my_web_test - [basepage.py-->line:49] - INFO: 起始时间：2020-01-30 18:49:13.270899，开始时间：2020-01-30 18:49:13.339903，总计时长：0:00:00.069004
2020-01-30 18:49:13,347 - my_web_test - [basepage.py-->line:61] - INFO: 查找登录成功后_点击页面信息提示框中的关闭按钮_('xpath', '//a[@class="close"]')元素成功。
2020-01-30 18:49:13,663 - my_web_test - [basepage.py-->line:77] - INFO: 登录成功后_点击页面信息提示框中的关闭按钮_('xpath', '//a[@class="close"]')元素点击成功。
2020-01-30 18:49:15,777 - my_web_test - [basepage.py-->line:32] - INFO: 等待点击作业名称，进入作业界面_('xpath', '//div[@class="ktcon2 cl hide"]//strong//a')元素可见成功。
2020-01-30 18:49:15,778 - my_web_test - [basepage.py-->line:34] - INFO: 起始时间：2020-01-30 18:49:15.684614，开始时间：2020-01-30 18:49:15.778219，总计时长：0:00:00.093605
2020-01-30 18:49:15,850 - my_web_test - [basepage.py-->line:47] - INFO: 等待点击作业名称，进入作业界面_('xpath', '//div[@class="ktcon2 cl hide"]//strong//a')元素可点击成功。
2020-01-30 18:49:15,851 - my_web_test - [basepage.py-->line:49] - INFO: 起始时间：2020-01-30 18:49:15.778219，开始时间：2020-01-30 18:49:15.851620，总计时长：0:00:00.073401
2020-01-30 18:49:15,869 - my_web_test - [basepage.py-->line:61] - INFO: 查找点击作业名称，进入作业界面_('xpath', '//div[@class="ktcon2 cl hide"]//strong//a')元素成功。
2020-01-30 18:49:16,161 - my_web_test - [basepage.py-->line:77] - INFO: 点击作业名称，进入作业界面_('xpath', '//div[@class="ktcon2 cl hide"]//strong//a')元素点击成功。
2020-01-30 18:49:17,324 - my_web_test - [basepage.py-->line:32] - INFO: 等待点击作业模块，进入作业模块界面_('xpath', '//div[@id="third-nav"]//a[contains(@href,"homework")]')元素可见成功。
2020-01-30 18:49:17,325 - my_web_test - [basepage.py-->line:34] - INFO: 起始时间：2020-01-30 18:49:16.161435，开始时间：2020-01-30 18:49:17.325501，总计时长：0:00:01.164066
2020-01-30 18:49:17,397 - my_web_test - [basepage.py-->line:47] - INFO: 等待点击作业模块，进入作业模块界面_('xpath', '//div[@id="third-nav"]//a[contains(@href,"homework")]')元素可点击成功。
2020-01-30 18:49:17,397 - my_web_test - [basepage.py-->line:49] - INFO: 起始时间：2020-01-30 18:49:17.325501，开始时间：2020-01-30 18:49:17.397506，总计时长：0:00:00.072005
2020-01-30 18:49:17,426 - my_web_test - [basepage.py-->line:61] - INFO: 查找点击作业模块，进入作业模块界面_('xpath', '//div[@id="third-nav"]//a[contains(@href,"homework")]')元素成功。
2020-01-30 18:49:18,535 - my_web_test - [basepage.py-->line:77] - INFO: 点击作业模块，进入作业模块界面_('xpath', '//div[@id="third-nav"]//a[contains(@href,"homework")]')元素点击成功。
2020-01-30 18:49:19,188 - my_web_test - [basepage.py-->line:32] - INFO: 等待点击作业名称进入作业提交界面_('xpath', '//h3[@class="work-title "]//a')元素可见成功。
2020-01-30 18:49:19,189 - my_web_test - [basepage.py-->line:34] - INFO: 起始时间：2020-01-30 18:49:18.535571，开始时间：2020-01-30 18:49:19.189607，总计时长：0:00:00.654036
2020-01-30 18:49:19,335 - my_web_test - [basepage.py-->line:47] - INFO: 等待点击作业名称进入作业提交界面_('xpath', '//h3[@class="work-title "]//a')元素可点击成功。
2020-01-30 18:49:19,336 - my_web_test - [basepage.py-->line:49] - INFO: 起始时间：2020-01-30 18:49:19.189607，开始时间：2020-01-30 18:49:19.336616，总计时长：0:00:00.147009
2020-01-30 18:49:19,356 - my_web_test - [basepage.py-->line:61] - INFO: 查找点击作业名称进入作业提交界面_('xpath', '//h3[@class="work-title "]//a')元素成功。
2020-01-30 18:49:20,418 - my_web_test - [basepage.py-->line:77] - INFO: 点击作业名称进入作业提交界面_('xpath', '//h3[@class="work-title "]//a')元素点击成功。
2020-01-30 18:49:20,992 - my_web_test - [basepage.py-->line:32] - INFO: 等待点击更新提交按钮_('xpath', '//a[@class="new-tj1"]')元素可见成功。
2020-01-30 18:49:20,992 - my_web_test - [basepage.py-->line:34] - INFO: 起始时间：2020-01-30 18:49:20.418676，开始时间：2020-01-30 18:49:20.992706，总计时长：0:00:00.574030
2020-01-30 18:49:21,081 - my_web_test - [basepage.py-->line:47] - INFO: 等待点击更新提交按钮_('xpath', '//a[@class="new-tj1"]')元素可点击成功。
2020-01-30 18:49:21,081 - my_web_test - [basepage.py-->line:49] - INFO: 起始时间：2020-01-30 18:49:20.992706，开始时间：2020-01-30 18:49:21.081707，总计时长：0:00:00.089001
2020-01-30 18:49:21,161 - my_web_test - [basepage.py-->line:61] - INFO: 查找点击更新提交按钮_('xpath', '//a[@class="new-tj1"]')元素成功。
2020-01-30 18:49:21,439 - my_web_test - [basepage.py-->line:77] - INFO: 点击更新提交按钮_('xpath', '//a[@class="new-tj1"]')元素点击成功。
2020-01-30 18:49:23,499 - my_web_test - [basepage.py-->line:32] - INFO: 等待确定更新按钮_('xpath', '//div[@class="btns"]//a[@class="sure active"]')元素可见成功。
2020-01-30 18:49:23,499 - my_web_test - [basepage.py-->line:34] - INFO: 起始时间：2020-01-30 18:49:23.439809，开始时间：2020-01-30 18:49:23.499813，总计时长：0:00:00.060004
2020-01-30 18:49:23,555 - my_web_test - [basepage.py-->line:47] - INFO: 等待确定更新按钮_('xpath', '//div[@class="btns"]//a[@class="sure active"]')元素可点击成功。
2020-01-30 18:49:23,555 - my_web_test - [basepage.py-->line:49] - INFO: 起始时间：2020-01-30 18:49:23.499813，开始时间：2020-01-30 18:49:23.555816，总计时长：0:00:00.056003
2020-01-30 18:49:23,587 - my_web_test - [basepage.py-->line:61] - INFO: 查找确定更新按钮_('xpath', '//div[@class="btns"]//a[@class="sure active"]')元素成功。
2020-01-30 18:49:23,863 - my_web_test - [basepage.py-->line:77] - INFO: 确定更新按钮_('xpath', '//div[@class="btns"]//a[@class="sure active"]')元素点击成功。
2020-01-30 18:49:25,896 - my_web_test - [basepage.py-->line:61] - INFO: 查找滑动页面至元素位置_('xpath', '//div[@id="mess1"]//span[@class="s2"]')元素成功。
2020-01-30 18:49:25,909 - my_web_test - [basepage.py-->line:176] - INFO: 滚动到元素('xpath', '//div[@id="mess1"]//span[@class="s2"]')成功
2020-01-30 18:49:25,981 - my_web_test - [basepage.py-->line:32] - INFO: 等待点击留言回复处_('xpath', '//div[@id="mess1"]//span[@class="s2"]')元素可见成功。
2020-01-30 18:49:25,981 - my_web_test - [basepage.py-->line:34] - INFO: 起始时间：2020-01-30 18:49:25.909321，开始时间：2020-01-30 18:49:25.981325，总计时长：0:00:00.072004
2020-01-30 18:49:26,041 - my_web_test - [basepage.py-->line:47] - INFO: 等待点击留言回复处_('xpath', '//div[@id="mess1"]//span[@class="s2"]')元素可点击成功。
2020-01-30 18:49:26,041 - my_web_test - [basepage.py-->line:49] - INFO: 起始时间：2020-01-30 18:49:25.982325，开始时间：2020-01-30 18:49:26.041126，总计时长：0:00:00.058801
2020-01-30 18:49:26,056 - my_web_test - [basepage.py-->line:61] - INFO: 查找点击留言回复处_('xpath', '//div[@id="mess1"]//span[@class="s2"]')元素成功。
2020-01-30 18:49:26,323 - my_web_test - [basepage.py-->line:77] - INFO: 点击留言回复处_('xpath', '//div[@id="mess1"]//span[@class="s2"]')元素点击成功。
2020-01-30 18:49:26,430 - my_web_test - [basepage.py-->line:32] - INFO: 等待保存作业留言_('xpath', '//div[@class="work-message2 clearfix"]//a')元素可见成功。
2020-01-30 18:49:26,430 - my_web_test - [basepage.py-->line:34] - INFO: 起始时间：2020-01-30 18:49:26.359135，开始时间：2020-01-30 18:49:26.430338，总计时长：0:00:00.071203
2020-01-30 18:49:26,493 - my_web_test - [basepage.py-->line:47] - INFO: 等待保存作业留言_('xpath', '//div[@class="work-message2 clearfix"]//a')元素可点击成功。
2020-01-30 18:49:26,493 - my_web_test - [basepage.py-->line:49] - INFO: 起始时间：2020-01-30 18:49:26.430338，开始时间：2020-01-30 18:49:26.493139，总计时长：0:00:00.062801
2020-01-30 18:49:26,508 - my_web_test - [basepage.py-->line:61] - INFO: 查找保存作业留言_('xpath', '//div[@class="work-message2 clearfix"]//a')元素成功。
2020-01-30 18:49:26,756 - my_web_test - [basepage.py-->line:77] - INFO: 保存作业留言_('xpath', '//div[@class="work-message2 clearfix"]//a')元素点击成功。
2020-01-30 18:49:26,805 - my_web_test - [basepage.py-->line:32] - INFO: 等待获取作业留言的内容_('xpath', '//div[@id="mess1"]//span[@class="s2"]')元素可见成功。
2020-01-30 18:49:26,806 - my_web_test - [basepage.py-->line:34] - INFO: 起始时间：2020-01-30 18:49:26.757947，开始时间：2020-01-30 18:49:26.806950，总计时长：0:00:00.049003
2020-01-30 18:49:26,826 - my_web_test - [basepage.py-->line:61] - INFO: 查找获取作业留言的内容_('xpath', '//div[@id="mess1"]//span[@class="s2"]')元素成功。
2020-01-30 18:49:26,863 - my_web_test - [basepage.py-->line:105] - INFO: 获取作业留言的内容_('xpath', '//div[@id="mess1"]//span[@class="s2"]')元素中获取文本内容_作业已做完啦_成功。
