2020-01-25 18:03:32,959 - my_web_test - [basepage.py-->line:32] - INFO: 等待登录页面_用户名输入_('name', 'phone')元素可见成功。
2020-01-25 18:03:32,959 - my_web_test - [basepage.py-->line:34] - INFO: 起始时间：2020-01-25 18:03:32.853731，开始时间：2020-01-25 18:03:32.959737，总计时长：0:00:00.106006
2020-01-25 18:03:32,985 - my_web_test - [basepage.py-->line:61] - INFO: 查找登录页面_用户名输入_('name', 'phone')元素成功。
2020-01-25 18:03:33,282 - my_web_test - [basepage.py-->line:91] - INFO: 登录页面_用户名输入_('name', 'phone')元素中输入内容成功。
2020-01-25 18:03:33,384 - my_web_test - [basepage.py-->line:32] - INFO: 等待登录页面_密码输入_('name', 'password')元素可见成功。
2020-01-25 18:03:33,385 - my_web_test - [basepage.py-->line:34] - INFO: 起始时间：2020-01-25 18:03:33.283756，开始时间：2020-01-25 18:03:33.385761，总计时长：0:00:00.102005
2020-01-25 18:03:33,412 - my_web_test - [basepage.py-->line:61] - INFO: 查找登录页面_密码输入_('name', 'password')元素成功。
2020-01-25 18:03:33,651 - my_web_test - [basepage.py-->line:91] - INFO: 登录页面_密码输入_('name', 'password')元素中输入内容成功。
2020-01-25 18:03:33,729 - my_web_test - [basepage.py-->line:32] - INFO: 等待登录页面输入完成_点击登录按钮_('xpath', '//button[text()="登录"]')元素可见成功。
2020-01-25 18:03:33,729 - my_web_test - [basepage.py-->line:34] - INFO: 起始时间：2020-01-25 18:03:33.652777，开始时间：2020-01-25 18:03:33.729781，总计时长：0:00:00.077004
2020-01-25 18:03:33,801 - my_web_test - [basepage.py-->line:47] - INFO: 等待登录页面输入完成_点击登录按钮_('xpath', '//button[text()="登录"]')元素可点击成功。
2020-01-25 18:03:33,802 - my_web_test - [basepage.py-->line:49] - INFO: 起始时间：2020-01-25 18:03:33.729781，开始时间：2020-01-25 18:03:33.801785，总计时长：0:00:00.072004
2020-01-25 18:03:33,819 - my_web_test - [basepage.py-->line:61] - INFO: 查找登录页面输入完成_点击登录按钮_('xpath', '//button[text()="登录"]')元素成功。
2020-01-25 18:03:33,946 - my_web_test - [basepage.py-->line:77] - INFO: 登录页面输入完成_点击登录按钮_('xpath', '//button[text()="登录"]')元素点击成功。
2020-01-25 18:03:55,894 - my_web_test - [basepage.py-->line:32] - INFO: 等待登录成功后_点击页面第一个抢投标_('xpath', '//a[text()="抢投标"]')元素可见成功。
2020-01-25 18:03:55,895 - my_web_test - [basepage.py-->line:34] - INFO: 起始时间：2020-01-25 18:03:33.950794，开始时间：2020-01-25 18:03:55.894049，总计时长：0:00:21.943255
2020-01-25 18:03:55,987 - my_web_test - [basepage.py-->line:47] - INFO: 等待登录成功后_点击页面第一个抢投标_('xpath', '//a[text()="抢投标"]')元素可点击成功。
2020-01-25 18:03:55,988 - my_web_test - [basepage.py-->line:49] - INFO: 起始时间：2020-01-25 18:03:55.895049，开始时间：2020-01-25 18:03:55.987054，总计时长：0:00:00.092005
2020-01-25 18:03:56,011 - my_web_test - [basepage.py-->line:61] - INFO: 查找登录成功后_点击页面第一个抢投标_('xpath', '//a[text()="抢投标"]')元素成功。
2020-01-25 18:04:19,921 - my_web_test - [basepage.py-->line:77] - INFO: 登录成功后_点击页面第一个抢投标_('xpath', '//a[text()="抢投标"]')元素点击成功。
2020-01-25 18:04:22,002 - my_web_test - [basepage.py-->line:32] - INFO: 等待投标页面_用户名属性值_('xpath', '//input[@class="form-control invest-unit-investinput"]')元素可见成功。
2020-01-25 18:04:22,003 - my_web_test - [basepage.py-->line:34] - INFO: 起始时间：2020-01-25 18:04:21.922537，开始时间：2020-01-25 18:04:22.003542，总计时长：0:00:00.081005
2020-01-25 18:04:22,026 - my_web_test - [basepage.py-->line:61] - INFO: 查找投标页面_用户名属性值_('xpath', '//input[@class="form-control invest-unit-investinput"]')元素成功。
2020-01-25 18:04:22,049 - my_web_test - [basepage.py-->line:120] - INFO: 投标页面_用户名属性值_('xpath', '//input[@class="form-control invest-unit-investinput"]')元素中获取属性值成功。
2020-01-25 18:04:22,119 - my_web_test - [basepage.py-->line:32] - INFO: 等待投标详情页面_可投的余额_('xpath', '//span[@class="mo_span4"]')元素可见成功。
2020-01-25 18:04:22,119 - my_web_test - [basepage.py-->line:34] - INFO: 起始时间：2020-01-25 18:04:22.050545，开始时间：2020-01-25 18:04:22.119549，总计时长：0:00:00.069004
2020-01-25 18:04:22,146 - my_web_test - [basepage.py-->line:61] - INFO: 查找投标详情页面_可投的余额_('xpath', '//span[@class="mo_span4"]')元素成功。
2020-01-25 18:04:22,192 - my_web_test - [basepage.py-->line:105] - INFO: 投标详情页面_可投的余额_('xpath', '//span[@class="mo_span4"]')元素中获取文本内容_89847.4_成功。
2020-01-25 18:04:22,247 - my_web_test - [basepage.py-->line:32] - INFO: 等待投标详情页_用户投标金额_('xpath', '//input[@class="form-control invest-unit-investinput"]')元素可见成功。
2020-01-25 18:04:22,248 - my_web_test - [basepage.py-->line:34] - INFO: 起始时间：2020-01-25 18:04:22.193553，开始时间：2020-01-25 18:04:22.248556，总计时长：0:00:00.055003
2020-01-25 18:04:22,270 - my_web_test - [basepage.py-->line:61] - INFO: 查找投标详情页_用户投标金额_('xpath', '//input[@class="form-control invest-unit-investinput"]')元素成功。
2020-01-25 18:04:22,604 - my_web_test - [basepage.py-->line:91] - INFO: 投标详情页_用户投标金额_('xpath', '//input[@class="form-control invest-unit-investinput"]')元素中输入内容成功。
2020-01-25 18:04:22,708 - my_web_test - [basepage.py-->line:32] - INFO: 等待投标详情页_点击投标按钮_('xpath', '//button[@class="btn btn-special height_style"]')元素可见成功。
2020-01-25 18:04:22,709 - my_web_test - [basepage.py-->line:34] - INFO: 起始时间：2020-01-25 18:04:22.605577，开始时间：2020-01-25 18:04:22.709583，总计时长：0:00:00.104006
2020-01-25 18:04:22,786 - my_web_test - [basepage.py-->line:47] - INFO: 等待投标详情页_点击投标按钮_('xpath', '//button[@class="btn btn-special height_style"]')元素可点击成功。
2020-01-25 18:04:22,786 - my_web_test - [basepage.py-->line:49] - INFO: 起始时间：2020-01-25 18:04:22.709583，开始时间：2020-01-25 18:04:22.786587，总计时长：0:00:00.077004
2020-01-25 18:04:22,807 - my_web_test - [basepage.py-->line:61] - INFO: 查找投标详情页_点击投标按钮_('xpath', '//button[@class="btn btn-special height_style"]')元素成功。
2020-01-25 18:04:22,986 - my_web_test - [basepage.py-->line:77] - INFO: 投标详情页_点击投标按钮_('xpath', '//button[@class="btn btn-special height_style"]')元素点击成功。
2020-01-25 18:04:23,600 - my_web_test - [basepage.py-->line:32] - INFO: 等待投标成功后弹窗_点击激活按钮_('xpath', '//div[@class="layui-layer-content"]//button[text()="查看并激活"]')元素可见成功。
2020-01-25 18:04:23,601 - my_web_test - [basepage.py-->line:34] - INFO: 起始时间：2020-01-25 18:04:22.986598，开始时间：2020-01-25 18:04:23.601634，总计时长：0:00:00.615036
2020-01-25 18:04:23,712 - my_web_test - [basepage.py-->line:47] - INFO: 等待投标成功后弹窗_点击激活按钮_('xpath', '//div[@class="layui-layer-content"]//button[text()="查看并激活"]')元素可点击成功。
2020-01-25 18:04:23,713 - my_web_test - [basepage.py-->line:49] - INFO: 起始时间：2020-01-25 18:04:23.601634，开始时间：2020-01-25 18:04:23.713640，总计时长：0:00:00.112006
2020-01-25 18:04:23,737 - my_web_test - [basepage.py-->line:61] - INFO: 查找投标成功后弹窗_点击激活按钮_('xpath', '//div[@class="layui-layer-content"]//button[text()="查看并激活"]')元素成功。
2020-01-25 18:05:01,261 - my_web_test - [basepage.py-->line:77] - INFO: 投标成功后弹窗_点击激活按钮_('xpath', '//div[@class="layui-layer-content"]//button[text()="查看并激活"]')元素点击成功。
2020-01-25 18:05:46,544 - my_web_test - [basepage.py-->line:32] - INFO: 等待投标页面_用户名属性值_('xpath', '//input[@class="form-control invest-unit-investinput"]')元素可见成功。
2020-01-25 18:05:46,545 - my_web_test - [basepage.py-->line:34] - INFO: 起始时间：2020-01-25 18:05:46.416370，开始时间：2020-01-25 18:05:46.544378，总计时长：0:00:00.128008
2020-01-25 18:05:46,572 - my_web_test - [basepage.py-->line:61] - INFO: 查找投标页面_用户名属性值_('xpath', '//input[@class="form-control invest-unit-investinput"]')元素成功。
2020-01-25 18:05:46,592 - my_web_test - [basepage.py-->line:120] - INFO: 投标页面_用户名属性值_('xpath', '//input[@class="form-control invest-unit-investinput"]')元素中获取属性值成功。
2020-01-25 18:05:46,676 - my_web_test - [basepage.py-->line:32] - INFO: 等待投标详情页面_可投的余额_('xpath', '//span[@class="mo_span4"]')元素可见成功。
2020-01-25 18:05:46,677 - my_web_test - [basepage.py-->line:34] - INFO: 起始时间：2020-01-25 18:05:46.593380，开始时间：2020-01-25 18:05:46.677385，总计时长：0:00:00.084005
2020-01-25 18:05:46,697 - my_web_test - [basepage.py-->line:61] - INFO: 查找投标详情页面_可投的余额_('xpath', '//span[@class="mo_span4"]')元素成功。
2020-01-25 18:05:46,738 - my_web_test - [basepage.py-->line:105] - INFO: 投标详情页面_可投的余额_('xpath', '//span[@class="mo_span4"]')元素中获取文本内容_89843.4_成功。
2020-01-25 18:05:55,770 - my_web_test - [basepage.py-->line:32] - INFO: 等待登录页面_用户名输入_('name', 'phone')元素可见成功。
2020-01-25 18:05:55,771 - my_web_test - [basepage.py-->line:34] - INFO: 起始时间：2020-01-25 18:05:55.629897，开始时间：2020-01-25 18:05:55.771905，总计时长：0:00:00.142008
2020-01-25 18:05:55,804 - my_web_test - [basepage.py-->line:61] - INFO: 查找登录页面_用户名输入_('name', 'phone')元素成功。
2020-01-25 18:05:56,096 - my_web_test - [basepage.py-->line:91] - INFO: 登录页面_用户名输入_('name', 'phone')元素中输入内容成功。
2020-01-25 18:05:56,204 - my_web_test - [basepage.py-->line:32] - INFO: 等待登录页面_密码输入_('name', 'password')元素可见成功。
2020-01-25 18:05:56,205 - my_web_test - [basepage.py-->line:34] - INFO: 起始时间：2020-01-25 18:05:56.096924，开始时间：2020-01-25 18:05:56.204930，总计时长：0:00:00.108006
2020-01-25 18:05:56,229 - my_web_test - [basepage.py-->line:61] - INFO: 查找登录页面_密码输入_('name', 'password')元素成功。
2020-01-25 18:05:56,427 - my_web_test - [basepage.py-->line:91] - INFO: 登录页面_密码输入_('name', 'password')元素中输入内容成功。
2020-01-25 18:05:56,501 - my_web_test - [basepage.py-->line:32] - INFO: 等待登录页面输入完成_点击登录按钮_('xpath', '//button[text()="登录"]')元素可见成功。
2020-01-25 18:05:56,501 - my_web_test - [basepage.py-->line:34] - INFO: 起始时间：2020-01-25 18:05:56.428943，开始时间：2020-01-25 18:05:56.501947，总计时长：0:00:00.073004
2020-01-25 18:05:56,569 - my_web_test - [basepage.py-->line:47] - INFO: 等待登录页面输入完成_点击登录按钮_('xpath', '//button[text()="登录"]')元素可点击成功。
2020-01-25 18:05:56,570 - my_web_test - [basepage.py-->line:49] - INFO: 起始时间：2020-01-25 18:05:56.502947，开始时间：2020-01-25 18:05:56.570951，总计时长：0:00:00.068004
2020-01-25 18:05:56,589 - my_web_test - [basepage.py-->line:61] - INFO: 查找登录页面输入完成_点击登录按钮_('xpath', '//button[text()="登录"]')元素成功。
2020-01-25 18:05:56,733 - my_web_test - [basepage.py-->line:77] - INFO: 登录页面输入完成_点击登录按钮_('xpath', '//button[text()="登录"]')元素点击成功。
2020-01-25 18:06:18,736 - my_web_test - [basepage.py-->line:32] - INFO: 等待登录成功后_点击页面第一个抢投标_('xpath', '//a[text()="抢投标"]')元素可见成功。
2020-01-25 18:06:18,737 - my_web_test - [basepage.py-->line:34] - INFO: 起始时间：2020-01-25 18:05:56.738961，开始时间：2020-01-25 18:06:18.737219，总计时长：0:00:21.998258
2020-01-25 18:06:18,899 - my_web_test - [basepage.py-->line:47] - INFO: 等待登录成功后_点击页面第一个抢投标_('xpath', '//a[text()="抢投标"]')元素可点击成功。
2020-01-25 18:06:18,900 - my_web_test - [basepage.py-->line:49] - INFO: 起始时间：2020-01-25 18:06:18.737219，开始时间：2020-01-25 18:06:18.899228，总计时长：0:00:00.162009
2020-01-25 18:06:18,921 - my_web_test - [basepage.py-->line:61] - INFO: 查找登录成功后_点击页面第一个抢投标_('xpath', '//a[text()="抢投标"]')元素成功。
2020-01-25 18:06:42,515 - my_web_test - [basepage.py-->line:77] - INFO: 登录成功后_点击页面第一个抢投标_('xpath', '//a[text()="抢投标"]')元素点击成功。
2020-01-25 18:06:44,629 - my_web_test - [basepage.py-->line:32] - INFO: 等待投标详情页_用户投标金额_('xpath', '//input[@class="form-control invest-unit-investinput"]')元素可见成功。
2020-01-25 18:06:44,629 - my_web_test - [basepage.py-->line:34] - INFO: 起始时间：2020-01-25 18:06:44.515693，开始时间：2020-01-25 18:06:44.629700，总计时长：0:00:00.114007
2020-01-25 18:06:44,669 - my_web_test - [basepage.py-->line:61] - INFO: 查找投标详情页_用户投标金额_('xpath', '//input[@class="form-control invest-unit-investinput"]')元素成功。
2020-01-25 18:06:45,115 - my_web_test - [basepage.py-->line:91] - INFO: 投标详情页_用户投标金额_('xpath', '//input[@class="form-control invest-unit-investinput"]')元素中输入内容成功。
2020-01-25 18:06:47,211 - my_web_test - [basepage.py-->line:32] - INFO: 等待投标详情页_确定按钮中的文字_('xpath', '//button[@class="btn btn-special height_style"]')元素可见成功。
2020-01-25 18:06:47,211 - my_web_test - [basepage.py-->line:34] - INFO: 起始时间：2020-01-25 18:06:47.116842，开始时间：2020-01-25 18:06:47.211848，总计时长：0:00:00.095006
2020-01-25 18:06:47,241 - my_web_test - [basepage.py-->line:61] - INFO: 查找投标详情页_确定按钮中的文字_('xpath', '//button[@class="btn btn-special height_style"]')元素成功。
2020-01-25 18:06:47,289 - my_web_test - [basepage.py-->line:105] - INFO: 投标详情页_确定按钮中的文字_('xpath', '//button[@class="btn btn-special height_style"]')元素中获取文本内容_请输入10的整数倍_成功。
2020-01-25 18:06:56,020 - my_web_test - [basepage.py-->line:32] - INFO: 等待登录页面_用户名输入_('name', 'phone')元素可见成功。
2020-01-25 18:06:56,021 - my_web_test - [basepage.py-->line:34] - INFO: 起始时间：2020-01-25 18:06:55.913345，开始时间：2020-01-25 18:06:56.021351，总计时长：0:00:00.108006
2020-01-25 18:06:56,044 - my_web_test - [basepage.py-->line:61] - INFO: 查找登录页面_用户名输入_('name', 'phone')元素成功。
2020-01-25 18:06:56,396 - my_web_test - [basepage.py-->line:91] - INFO: 登录页面_用户名输入_('name', 'phone')元素中输入内容成功。
2020-01-25 18:06:56,535 - my_web_test - [basepage.py-->line:32] - INFO: 等待登录页面_密码输入_('name', 'password')元素可见成功。
2020-01-25 18:06:56,535 - my_web_test - [basepage.py-->line:34] - INFO: 起始时间：2020-01-25 18:06:56.397373，开始时间：2020-01-25 18:06:56.535381，总计时长：0:00:00.138008
2020-01-25 18:06:56,579 - my_web_test - [basepage.py-->line:61] - INFO: 查找登录页面_密码输入_('name', 'password')元素成功。
2020-01-25 18:06:56,799 - my_web_test - [basepage.py-->line:91] - INFO: 登录页面_密码输入_('name', 'password')元素中输入内容成功。
2020-01-25 18:06:56,891 - my_web_test - [basepage.py-->line:32] - INFO: 等待登录页面输入完成_点击登录按钮_('xpath', '//button[text()="登录"]')元素可见成功。
2020-01-25 18:06:56,891 - my_web_test - [basepage.py-->line:34] - INFO: 起始时间：2020-01-25 18:06:56.800396，开始时间：2020-01-25 18:06:56.891401，总计时长：0:00:00.091005
2020-01-25 18:06:56,989 - my_web_test - [basepage.py-->line:47] - INFO: 等待登录页面输入完成_点击登录按钮_('xpath', '//button[text()="登录"]')元素可点击成功。
2020-01-25 18:06:56,990 - my_web_test - [basepage.py-->line:49] - INFO: 起始时间：2020-01-25 18:06:56.892401，开始时间：2020-01-25 18:06:56.990407，总计时长：0:00:00.098006
2020-01-25 18:06:57,010 - my_web_test - [basepage.py-->line:61] - INFO: 查找登录页面输入完成_点击登录按钮_('xpath', '//button[text()="登录"]')元素成功。
2020-01-25 18:06:57,162 - my_web_test - [basepage.py-->line:77] - INFO: 登录页面输入完成_点击登录按钮_('xpath', '//button[text()="登录"]')元素点击成功。
2020-01-25 18:07:19,165 - my_web_test - [basepage.py-->line:32] - INFO: 等待登录成功后_点击页面第一个抢投标_('xpath', '//a[text()="抢投标"]')元素可见成功。
2020-01-25 18:07:19,166 - my_web_test - [basepage.py-->line:34] - INFO: 起始时间：2020-01-25 18:06:57.166417，开始时间：2020-01-25 18:07:19.165675，总计时长：0:00:21.999258
2020-01-25 18:07:19,281 - my_web_test - [basepage.py-->line:47] - INFO: 等待登录成功后_点击页面第一个抢投标_('xpath', '//a[text()="抢投标"]')元素可点击成功。
2020-01-25 18:07:19,281 - my_web_test - [basepage.py-->line:49] - INFO: 起始时间：2020-01-25 18:07:19.166675，开始时间：2020-01-25 18:07:19.281682，总计时长：0:00:00.115007
2020-01-25 18:07:19,311 - my_web_test - [basepage.py-->line:61] - INFO: 查找登录成功后_点击页面第一个抢投标_('xpath', '//a[text()="抢投标"]')元素成功。
2020-01-25 18:07:43,211 - my_web_test - [basepage.py-->line:77] - INFO: 登录成功后_点击页面第一个抢投标_('xpath', '//a[text()="抢投标"]')元素点击成功。
2020-01-25 18:07:45,299 - my_web_test - [basepage.py-->line:32] - INFO: 等待投标详情页_用户投标金额_('xpath', '//input[@class="form-control invest-unit-investinput"]')元素可见成功。
2020-01-25 18:07:45,300 - my_web_test - [basepage.py-->line:34] - INFO: 起始时间：2020-01-25 18:07:45.211165，开始时间：2020-01-25 18:07:45.300170，总计时长：0:00:00.089005
2020-01-25 18:07:45,324 - my_web_test - [basepage.py-->line:61] - INFO: 查找投标详情页_用户投标金额_('xpath', '//input[@class="form-control invest-unit-investinput"]')元素成功。
2020-01-25 18:07:45,528 - my_web_test - [basepage.py-->line:91] - INFO: 投标详情页_用户投标金额_('xpath', '//input[@class="form-control invest-unit-investinput"]')元素中输入内容成功。
2020-01-25 18:07:47,613 - my_web_test - [basepage.py-->line:32] - INFO: 等待投标详情页_确定按钮中的文字_('xpath', '//button[@class="btn btn-special height_style"]')元素可见成功。
2020-01-25 18:07:47,614 - my_web_test - [basepage.py-->line:34] - INFO: 起始时间：2020-01-25 18:07:47.529298，开始时间：2020-01-25 18:07:47.614302，总计时长：0:00:00.085004
2020-01-25 18:07:47,639 - my_web_test - [basepage.py-->line:61] - INFO: 查找投标详情页_确定按钮中的文字_('xpath', '//button[@class="btn btn-special height_style"]')元素成功。
2020-01-25 18:07:47,680 - my_web_test - [basepage.py-->line:105] - INFO: 投标详情页_确定按钮中的文字_('xpath', '//button[@class="btn btn-special height_style"]')元素中获取文本内容_投标_成功。
2020-01-25 18:07:56,582 - my_web_test - [basepage.py-->line:32] - INFO: 等待登录页面_用户名输入_('name', 'phone')元素可见成功。
2020-01-25 18:07:56,583 - my_web_test - [basepage.py-->line:34] - INFO: 起始时间：2020-01-25 18:07:56.481810，开始时间：2020-01-25 18:07:56.583815，总计时长：0:00:00.102005
2020-01-25 18:07:56,600 - my_web_test - [basepage.py-->line:61] - INFO: 查找登录页面_用户名输入_('name', 'phone')元素成功。
2020-01-25 18:07:57,028 - my_web_test - [basepage.py-->line:91] - INFO: 登录页面_用户名输入_('name', 'phone')元素中输入内容成功。
2020-01-25 18:07:57,152 - my_web_test - [basepage.py-->line:32] - INFO: 等待登录页面_密码输入_('name', 'password')元素可见成功。
2020-01-25 18:07:57,153 - my_web_test - [basepage.py-->line:34] - INFO: 起始时间：2020-01-25 18:07:57.029841，开始时间：2020-01-25 18:07:57.153848，总计时长：0:00:00.124007
2020-01-25 18:07:57,178 - my_web_test - [basepage.py-->line:61] - INFO: 查找登录页面_密码输入_('name', 'password')元素成功。
2020-01-25 18:07:57,346 - my_web_test - [basepage.py-->line:91] - INFO: 登录页面_密码输入_('name', 'password')元素中输入内容成功。
2020-01-25 18:07:57,419 - my_web_test - [basepage.py-->line:32] - INFO: 等待登录页面输入完成_点击登录按钮_('xpath', '//button[text()="登录"]')元素可见成功。
2020-01-25 18:07:57,420 - my_web_test - [basepage.py-->line:34] - INFO: 起始时间：2020-01-25 18:07:57.346859，开始时间：2020-01-25 18:07:57.420863，总计时长：0:00:00.074004
2020-01-25 18:07:57,487 - my_web_test - [basepage.py-->line:47] - INFO: 等待登录页面输入完成_点击登录按钮_('xpath', '//button[text()="登录"]')元素可点击成功。
2020-01-25 18:07:57,488 - my_web_test - [basepage.py-->line:49] - INFO: 起始时间：2020-01-25 18:07:57.420863，开始时间：2020-01-25 18:07:57.488867，总计时长：0:00:00.068004
2020-01-25 18:07:57,507 - my_web_test - [basepage.py-->line:61] - INFO: 查找登录页面输入完成_点击登录按钮_('xpath', '//button[text()="登录"]')元素成功。
2020-01-25 18:07:57,644 - my_web_test - [basepage.py-->line:77] - INFO: 登录页面输入完成_点击登录按钮_('xpath', '//button[text()="登录"]')元素点击成功。
2020-01-25 18:08:19,729 - my_web_test - [basepage.py-->line:32] - INFO: 等待登录成功后_点击页面第一个抢投标_('xpath', '//a[text()="抢投标"]')元素可见成功。
2020-01-25 18:08:19,730 - my_web_test - [basepage.py-->line:34] - INFO: 起始时间：2020-01-25 18:07:57.648876，开始时间：2020-01-25 18:08:19.730139，总计时长：0:00:22.081263
2020-01-25 18:08:19,859 - my_web_test - [basepage.py-->line:47] - INFO: 等待登录成功后_点击页面第一个抢投标_('xpath', '//a[text()="抢投标"]')元素可点击成功。
2020-01-25 18:08:20,036 - my_web_test - [basepage.py-->line:49] - INFO: 起始时间：2020-01-25 18:08:19.730139，开始时间：2020-01-25 18:08:20.036157，总计时长：0:00:00.306018
2020-01-25 18:08:20,062 - my_web_test - [basepage.py-->line:61] - INFO: 查找登录成功后_点击页面第一个抢投标_('xpath', '//a[text()="抢投标"]')元素成功。
2020-01-25 18:08:44,113 - my_web_test - [basepage.py-->line:77] - INFO: 登录成功后_点击页面第一个抢投标_('xpath', '//a[text()="抢投标"]')元素点击成功。
2020-01-25 18:08:46,203 - my_web_test - [basepage.py-->line:32] - INFO: 等待投标详情页_用户投标金额_('xpath', '//input[@class="form-control invest-unit-investinput"]')元素可见成功。
2020-01-25 18:08:46,204 - my_web_test - [basepage.py-->line:34] - INFO: 起始时间：2020-01-25 18:08:46.114648，开始时间：2020-01-25 18:08:46.204654，总计时长：0:00:00.090006
2020-01-25 18:08:46,229 - my_web_test - [basepage.py-->line:61] - INFO: 查找投标详情页_用户投标金额_('xpath', '//input[@class="form-control invest-unit-investinput"]')元素成功。
2020-01-25 18:08:46,471 - my_web_test - [basepage.py-->line:91] - INFO: 投标详情页_用户投标金额_('xpath', '//input[@class="form-control invest-unit-investinput"]')元素中输入内容成功。
2020-01-25 18:08:48,564 - my_web_test - [basepage.py-->line:32] - INFO: 等待投标详情页_确定按钮中的文字_('xpath', '//button[@class="btn btn-special height_style"]')元素可见成功。
2020-01-25 18:08:48,564 - my_web_test - [basepage.py-->line:34] - INFO: 起始时间：2020-01-25 18:08:48.471783，开始时间：2020-01-25 18:08:48.564789，总计时长：0:00:00.093006
2020-01-25 18:08:48,589 - my_web_test - [basepage.py-->line:61] - INFO: 查找投标详情页_确定按钮中的文字_('xpath', '//button[@class="btn btn-special height_style"]')元素成功。
2020-01-25 18:08:48,651 - my_web_test - [basepage.py-->line:105] - INFO: 投标详情页_确定按钮中的文字_('xpath', '//button[@class="btn btn-special height_style"]')元素中获取文本内容_请输入10的整数倍_成功。
2020-01-25 18:08:57,150 - my_web_test - [basepage.py-->line:32] - INFO: 等待登录页面_用户名输入_('name', 'phone')元素可见成功。
2020-01-25 18:08:57,151 - my_web_test - [basepage.py-->line:34] - INFO: 起始时间：2020-01-25 18:08:57.085276，开始时间：2020-01-25 18:08:57.151280，总计时长：0:00:00.066004
2020-01-25 18:08:57,167 - my_web_test - [basepage.py-->line:61] - INFO: 查找登录页面_用户名输入_('name', 'phone')元素成功。
2020-01-25 18:08:57,382 - my_web_test - [basepage.py-->line:91] - INFO: 登录页面_用户名输入_('name', 'phone')元素中输入内容成功。
2020-01-25 18:08:57,460 - my_web_test - [basepage.py-->line:32] - INFO: 等待登录页面_密码输入_('name', 'password')元素可见成功。
2020-01-25 18:08:57,460 - my_web_test - [basepage.py-->line:34] - INFO: 起始时间：2020-01-25 18:08:57.382293，开始时间：2020-01-25 18:08:57.460297，总计时长：0:00:00.078004
2020-01-25 18:08:57,484 - my_web_test - [basepage.py-->line:61] - INFO: 查找登录页面_密码输入_('name', 'password')元素成功。
2020-01-25 18:08:57,663 - my_web_test - [basepage.py-->line:91] - INFO: 登录页面_密码输入_('name', 'password')元素中输入内容成功。
2020-01-25 18:08:57,740 - my_web_test - [basepage.py-->line:32] - INFO: 等待登录页面输入完成_点击登录按钮_('xpath', '//button[text()="登录"]')元素可见成功。
2020-01-25 18:08:57,740 - my_web_test - [basepage.py-->line:34] - INFO: 起始时间：2020-01-25 18:08:57.664309，开始时间：2020-01-25 18:08:57.740313，总计时长：0:00:00.076004
2020-01-25 18:08:57,796 - my_web_test - [basepage.py-->line:47] - INFO: 等待登录页面输入完成_点击登录按钮_('xpath', '//button[text()="登录"]')元素可点击成功。
2020-01-25 18:08:57,796 - my_web_test - [basepage.py-->line:49] - INFO: 起始时间：2020-01-25 18:08:57.740313，开始时间：2020-01-25 18:08:57.796317，总计时长：0:00:00.056004
2020-01-25 18:08:57,813 - my_web_test - [basepage.py-->line:61] - INFO: 查找登录页面输入完成_点击登录按钮_('xpath', '//button[text()="登录"]')元素成功。
2020-01-25 18:08:57,921 - my_web_test - [basepage.py-->line:77] - INFO: 登录页面输入完成_点击登录按钮_('xpath', '//button[text()="登录"]')元素点击成功。
2020-01-25 18:09:19,748 - my_web_test - [basepage.py-->line:32] - INFO: 等待登录成功后_点击页面第一个抢投标_('xpath', '//a[text()="抢投标"]')元素可见成功。
2020-01-25 18:09:19,749 - my_web_test - [basepage.py-->line:34] - INFO: 起始时间：2020-01-25 18:08:57.923324，开始时间：2020-01-25 18:09:19.749572，总计时长：0:00:21.826248
2020-01-25 18:09:19,861 - my_web_test - [basepage.py-->line:47] - INFO: 等待登录成功后_点击页面第一个抢投标_('xpath', '//a[text()="抢投标"]')元素可点击成功。
2020-01-25 18:09:19,861 - my_web_test - [basepage.py-->line:49] - INFO: 起始时间：2020-01-25 18:09:19.749572，开始时间：2020-01-25 18:09:19.861579，总计时长：0:00:00.112007
2020-01-25 18:09:19,891 - my_web_test - [basepage.py-->line:61] - INFO: 查找登录成功后_点击页面第一个抢投标_('xpath', '//a[text()="抢投标"]')元素成功。
2020-01-25 18:09:43,952 - my_web_test - [basepage.py-->line:77] - INFO: 登录成功后_点击页面第一个抢投标_('xpath', '//a[text()="抢投标"]')元素点击成功。
2020-01-25 18:09:46,045 - my_web_test - [basepage.py-->line:32] - INFO: 等待投标详情页_用户投标金额_('xpath', '//input[@class="form-control invest-unit-investinput"]')元素可见成功。
2020-01-25 18:09:46,045 - my_web_test - [basepage.py-->line:34] - INFO: 起始时间：2020-01-25 18:09:45.954071，开始时间：2020-01-25 18:09:46.045076，总计时长：0:00:00.091005
2020-01-25 18:09:46,065 - my_web_test - [basepage.py-->line:61] - INFO: 查找投标详情页_用户投标金额_('xpath', '//input[@class="form-control invest-unit-investinput"]')元素成功。
2020-01-25 18:09:46,345 - my_web_test - [basepage.py-->line:91] - INFO: 投标详情页_用户投标金额_('xpath', '//input[@class="form-control invest-unit-investinput"]')元素中输入内容成功。
2020-01-25 18:09:48,440 - my_web_test - [basepage.py-->line:32] - INFO: 等待投标详情页_点击投标按钮_('xpath', '//button[@class="btn btn-special height_style"]')元素可见成功。
2020-01-25 18:09:48,441 - my_web_test - [basepage.py-->line:34] - INFO: 起始时间：2020-01-25 18:09:48.345208，开始时间：2020-01-25 18:09:48.441213，总计时长：0:00:00.096005
2020-01-25 18:09:48,527 - my_web_test - [basepage.py-->line:47] - INFO: 等待投标详情页_点击投标按钮_('xpath', '//button[@class="btn btn-special height_style"]')元素可点击成功。
2020-01-25 18:09:48,528 - my_web_test - [basepage.py-->line:49] - INFO: 起始时间：2020-01-25 18:09:48.441213，开始时间：2020-01-25 18:09:48.528218，总计时长：0:00:00.087005
2020-01-25 18:09:48,555 - my_web_test - [basepage.py-->line:61] - INFO: 查找投标详情页_点击投标按钮_('xpath', '//button[@class="btn btn-special height_style"]')元素成功。
2020-01-25 18:09:48,678 - my_web_test - [basepage.py-->line:77] - INFO: 投标详情页_点击投标按钮_('xpath', '//button[@class="btn btn-special height_style"]')元素点击成功。
2020-01-25 18:09:49,288 - my_web_test - [basepage.py-->line:32] - INFO: 等待投标详情页_投资失败的提示内容_('xpath', '//div[@class="text-center"]')元素可见成功。
2020-01-25 18:09:49,289 - my_web_test - [basepage.py-->line:34] - INFO: 起始时间：2020-01-25 18:09:48.679227，开始时间：2020-01-25 18:09:49.289262，总计时长：0:00:00.610035
2020-01-25 18:09:49,322 - my_web_test - [basepage.py-->line:61] - INFO: 查找投标详情页_投资失败的提示内容_('xpath', '//div[@class="text-center"]')元素成功。
2020-01-25 18:09:49,362 - my_web_test - [basepage.py-->line:105] - INFO: 投标详情页_投资失败的提示内容_('xpath', '//div[@class="text-center"]')元素中获取文本内容_请正确填写投标金额_成功。
2020-01-25 18:09:49,418 - my_web_test - [basepage.py-->line:32] - INFO: 等待投标详情页投资失败弹窗_点击弹窗中的关闭按钮_('xpath', '//a[text()="确认"]')元素可见成功。
2020-01-25 18:09:49,419 - my_web_test - [basepage.py-->line:34] - INFO: 起始时间：2020-01-25 18:09:49.362266，开始时间：2020-01-25 18:09:49.419269，总计时长：0:00:00.057003
2020-01-25 18:09:49,479 - my_web_test - [basepage.py-->line:47] - INFO: 等待投标详情页投资失败弹窗_点击弹窗中的关闭按钮_('xpath', '//a[text()="确认"]')元素可点击成功。
2020-01-25 18:09:49,479 - my_web_test - [basepage.py-->line:49] - INFO: 起始时间：2020-01-25 18:09:49.419269，开始时间：2020-01-25 18:09:49.479273，总计时长：0:00:00.060004
2020-01-25 18:09:49,497 - my_web_test - [basepage.py-->line:61] - INFO: 查找投标详情页投资失败弹窗_点击弹窗中的关闭按钮_('xpath', '//a[text()="确认"]')元素成功。
2020-01-25 18:09:49,608 - my_web_test - [basepage.py-->line:77] - INFO: 投标详情页投资失败弹窗_点击弹窗中的关闭按钮_('xpath', '//a[text()="确认"]')元素点击成功。
2020-01-25 18:09:59,084 - my_web_test - [basepage.py-->line:32] - INFO: 等待登录页面_用户名输入_('name', 'phone')元素可见成功。
2020-01-25 18:09:59,085 - my_web_test - [basepage.py-->line:34] - INFO: 起始时间：2020-01-25 18:09:58.991817，开始时间：2020-01-25 18:09:59.085822，总计时长：0:00:00.094005
2020-01-25 18:09:59,102 - my_web_test - [basepage.py-->line:61] - INFO: 查找登录页面_用户名输入_('name', 'phone')元素成功。
2020-01-25 18:09:59,358 - my_web_test - [basepage.py-->line:91] - INFO: 登录页面_用户名输入_('name', 'phone')元素中输入内容成功。
2020-01-25 18:09:59,453 - my_web_test - [basepage.py-->line:32] - INFO: 等待登录页面_密码输入_('name', 'password')元素可见成功。
2020-01-25 18:09:59,453 - my_web_test - [basepage.py-->line:34] - INFO: 起始时间：2020-01-25 18:09:59.359838，开始时间：2020-01-25 18:09:59.453843，总计时长：0:00:00.094005
2020-01-25 18:09:59,474 - my_web_test - [basepage.py-->line:61] - INFO: 查找登录页面_密码输入_('name', 'password')元素成功。
2020-01-25 18:09:59,641 - my_web_test - [basepage.py-->line:91] - INFO: 登录页面_密码输入_('name', 'password')元素中输入内容成功。
2020-01-25 18:09:59,701 - my_web_test - [basepage.py-->line:32] - INFO: 等待登录页面输入完成_点击登录按钮_('xpath', '//button[text()="登录"]')元素可见成功。
2020-01-25 18:09:59,702 - my_web_test - [basepage.py-->line:34] - INFO: 起始时间：2020-01-25 18:09:59.641854，开始时间：2020-01-25 18:09:59.702857，总计时长：0:00:00.061003
2020-01-25 18:09:59,765 - my_web_test - [basepage.py-->line:47] - INFO: 等待登录页面输入完成_点击登录按钮_('xpath', '//button[text()="登录"]')元素可点击成功。
2020-01-25 18:09:59,765 - my_web_test - [basepage.py-->line:49] - INFO: 起始时间：2020-01-25 18:09:59.702857，开始时间：2020-01-25 18:09:59.765861，总计时长：0:00:00.063004
2020-01-25 18:09:59,781 - my_web_test - [basepage.py-->line:61] - INFO: 查找登录页面输入完成_点击登录按钮_('xpath', '//button[text()="登录"]')元素成功。
2020-01-25 18:09:59,900 - my_web_test - [basepage.py-->line:77] - INFO: 登录页面输入完成_点击登录按钮_('xpath', '//button[text()="登录"]')元素点击成功。
2020-01-25 18:10:21,852 - my_web_test - [basepage.py-->line:32] - INFO: 等待登录成功后_点击页面第一个抢投标_('xpath', '//a[text()="抢投标"]')元素可见成功。
2020-01-25 18:10:21,853 - my_web_test - [basepage.py-->line:34] - INFO: 起始时间：2020-01-25 18:09:59.904869，开始时间：2020-01-25 18:10:21.853124，总计时长：0:00:21.948255
2020-01-25 18:10:21,935 - my_web_test - [basepage.py-->line:47] - INFO: 等待登录成功后_点击页面第一个抢投标_('xpath', '//a[text()="抢投标"]')元素可点击成功。
2020-01-25 18:10:21,936 - my_web_test - [basepage.py-->line:49] - INFO: 起始时间：2020-01-25 18:10:21.853124，开始时间：2020-01-25 18:10:21.936129，总计时长：0:00:00.083005
2020-01-25 18:10:21,957 - my_web_test - [basepage.py-->line:61] - INFO: 查找登录成功后_点击页面第一个抢投标_('xpath', '//a[text()="抢投标"]')元素成功。
2020-01-25 18:10:45,881 - my_web_test - [basepage.py-->line:77] - INFO: 登录成功后_点击页面第一个抢投标_('xpath', '//a[text()="抢投标"]')元素点击成功。
2020-01-25 18:10:47,995 - my_web_test - [basepage.py-->line:32] - INFO: 等待投标详情页_用户投标金额_('xpath', '//input[@class="form-control invest-unit-investinput"]')元素可见成功。
2020-01-25 18:10:47,996 - my_web_test - [basepage.py-->line:34] - INFO: 起始时间：2020-01-25 18:10:47.881613，开始时间：2020-01-25 18:10:47.996620，总计时长：0:00:00.115007
2020-01-25 18:10:48,018 - my_web_test - [basepage.py-->line:61] - INFO: 查找投标详情页_用户投标金额_('xpath', '//input[@class="form-control invest-unit-investinput"]')元素成功。
2020-01-25 18:10:48,284 - my_web_test - [basepage.py-->line:91] - INFO: 投标详情页_用户投标金额_('xpath', '//input[@class="form-control invest-unit-investinput"]')元素中输入内容成功。
2020-01-25 18:10:50,377 - my_web_test - [basepage.py-->line:32] - INFO: 等待投标详情页_点击投标按钮_('xpath', '//button[@class="btn btn-special height_style"]')元素可见成功。
2020-01-25 18:10:50,378 - my_web_test - [basepage.py-->line:34] - INFO: 起始时间：2020-01-25 18:10:50.284751，开始时间：2020-01-25 18:10:50.378756，总计时长：0:00:00.094005
2020-01-25 18:10:50,504 - my_web_test - [basepage.py-->line:47] - INFO: 等待投标详情页_点击投标按钮_('xpath', '//button[@class="btn btn-special height_style"]')元素可点击成功。
2020-01-25 18:10:50,505 - my_web_test - [basepage.py-->line:49] - INFO: 起始时间：2020-01-25 18:10:50.378756，开始时间：2020-01-25 18:10:50.505763，总计时长：0:00:00.127007
2020-01-25 18:10:50,532 - my_web_test - [basepage.py-->line:61] - INFO: 查找投标详情页_点击投标按钮_('xpath', '//button[@class="btn btn-special height_style"]')元素成功。
2020-01-25 18:10:50,688 - my_web_test - [basepage.py-->line:77] - INFO: 投标详情页_点击投标按钮_('xpath', '//button[@class="btn btn-special height_style"]')元素点击成功。
2020-01-25 18:10:51,292 - my_web_test - [basepage.py-->line:32] - INFO: 等待投标详情页_投资失败的提示内容_('xpath', '//div[@class="text-center"]')元素可见成功。
2020-01-25 18:10:51,292 - my_web_test - [basepage.py-->line:34] - INFO: 起始时间：2020-01-25 18:10:50.688774，开始时间：2020-01-25 18:10:51.292808，总计时长：0:00:00.604034
2020-01-25 18:10:51,319 - my_web_test - [basepage.py-->line:61] - INFO: 查找投标详情页_投资失败的提示内容_('xpath', '//div[@class="text-center"]')元素成功。
2020-01-25 18:10:51,354 - my_web_test - [basepage.py-->line:105] - INFO: 投标详情页_投资失败的提示内容_('xpath', '//div[@class="text-center"]')元素中获取文本内容_投标金额必须为100的倍数_成功。
2020-01-25 18:10:51,420 - my_web_test - [basepage.py-->line:32] - INFO: 等待投标详情页投资失败弹窗_点击弹窗中的关闭按钮_('xpath', '//a[text()="确认"]')元素可见成功。
2020-01-25 18:10:51,421 - my_web_test - [basepage.py-->line:34] - INFO: 起始时间：2020-01-25 18:10:51.355812，开始时间：2020-01-25 18:10:51.421816，总计时长：0:00:00.066004
2020-01-25 18:10:51,493 - my_web_test - [basepage.py-->line:47] - INFO: 等待投标详情页投资失败弹窗_点击弹窗中的关闭按钮_('xpath', '//a[text()="确认"]')元素可点击成功。
2020-01-25 18:10:51,494 - my_web_test - [basepage.py-->line:49] - INFO: 起始时间：2020-01-25 18:10:51.421816，开始时间：2020-01-25 18:10:51.493820，总计时长：0:00:00.072004
2020-01-25 18:10:51,519 - my_web_test - [basepage.py-->line:61] - INFO: 查找投标详情页投资失败弹窗_点击弹窗中的关闭按钮_('xpath', '//a[text()="确认"]')元素成功。
2020-01-25 18:10:51,648 - my_web_test - [basepage.py-->line:77] - INFO: 投标详情页投资失败弹窗_点击弹窗中的关闭按钮_('xpath', '//a[text()="确认"]')元素点击成功。
2020-01-25 18:11:00,212 - my_web_test - [basepage.py-->line:32] - INFO: 等待登录页面_用户名输入_('name', 'phone')元素可见成功。
2020-01-25 18:11:00,212 - my_web_test - [basepage.py-->line:34] - INFO: 起始时间：2020-01-25 18:11:00.134314，开始时间：2020-01-25 18:11:00.212318，总计时长：0:00:00.078004
2020-01-25 18:11:00,230 - my_web_test - [basepage.py-->line:61] - INFO: 查找登录页面_用户名输入_('name', 'phone')元素成功。
2020-01-25 18:11:00,503 - my_web_test - [basepage.py-->line:91] - INFO: 登录页面_用户名输入_('name', 'phone')元素中输入内容成功。
2020-01-25 18:11:00,596 - my_web_test - [basepage.py-->line:32] - INFO: 等待登录页面_密码输入_('name', 'password')元素可见成功。
2020-01-25 18:11:00,596 - my_web_test - [basepage.py-->line:34] - INFO: 起始时间：2020-01-25 18:11:00.504335，开始时间：2020-01-25 18:11:00.596340，总计时长：0:00:00.092005
2020-01-25 18:11:00,623 - my_web_test - [basepage.py-->line:61] - INFO: 查找登录页面_密码输入_('name', 'password')元素成功。
2020-01-25 18:11:00,790 - my_web_test - [basepage.py-->line:91] - INFO: 登录页面_密码输入_('name', 'password')元素中输入内容成功。
2020-01-25 18:11:00,861 - my_web_test - [basepage.py-->line:32] - INFO: 等待登录页面输入完成_点击登录按钮_('xpath', '//button[text()="登录"]')元素可见成功。
2020-01-25 18:11:00,862 - my_web_test - [basepage.py-->line:34] - INFO: 起始时间：2020-01-25 18:11:00.790351，开始时间：2020-01-25 18:11:00.862356，总计时长：0:00:00.072005
2020-01-25 18:11:00,933 - my_web_test - [basepage.py-->line:47] - INFO: 等待登录页面输入完成_点击登录按钮_('xpath', '//button[text()="登录"]')元素可点击成功。
2020-01-25 18:11:00,933 - my_web_test - [basepage.py-->line:49] - INFO: 起始时间：2020-01-25 18:11:00.862356，开始时间：2020-01-25 18:11:00.933360，总计时长：0:00:00.071004
2020-01-25 18:11:00,951 - my_web_test - [basepage.py-->line:61] - INFO: 查找登录页面输入完成_点击登录按钮_('xpath', '//button[text()="登录"]')元素成功。
2020-01-25 18:11:01,086 - my_web_test - [basepage.py-->line:77] - INFO: 登录页面输入完成_点击登录按钮_('xpath', '//button[text()="登录"]')元素点击成功。
2020-01-25 18:11:23,129 - my_web_test - [basepage.py-->line:32] - INFO: 等待登录成功后_点击页面第一个抢投标_('xpath', '//a[text()="抢投标"]')元素可见成功。
2020-01-25 18:11:23,130 - my_web_test - [basepage.py-->line:34] - INFO: 起始时间：2020-01-25 18:11:01.090369，开始时间：2020-01-25 18:11:23.130629，总计时长：0:00:22.040260
2020-01-25 18:11:23,227 - my_web_test - [basepage.py-->line:47] - INFO: 等待登录成功后_点击页面第一个抢投标_('xpath', '//a[text()="抢投标"]')元素可点击成功。
2020-01-25 18:11:23,228 - my_web_test - [basepage.py-->line:49] - INFO: 起始时间：2020-01-25 18:11:23.130629，开始时间：2020-01-25 18:11:23.228635，总计时长：0:00:00.098006
2020-01-25 18:11:23,256 - my_web_test - [basepage.py-->line:61] - INFO: 查找登录成功后_点击页面第一个抢投标_('xpath', '//a[text()="抢投标"]')元素成功。
2020-01-25 18:11:47,514 - my_web_test - [basepage.py-->line:77] - INFO: 登录成功后_点击页面第一个抢投标_('xpath', '//a[text()="抢投标"]')元素点击成功。
2020-01-25 18:11:49,611 - my_web_test - [basepage.py-->line:32] - INFO: 等待投标详情页_用户投标金额_('xpath', '//input[@class="form-control invest-unit-investinput"]')元素可见成功。
2020-01-25 18:11:49,611 - my_web_test - [basepage.py-->line:34] - INFO: 起始时间：2020-01-25 18:11:49.516138，开始时间：2020-01-25 18:11:49.611144，总计时长：0:00:00.095006
2020-01-25 18:11:49,635 - my_web_test - [basepage.py-->line:61] - INFO: 查找投标详情页_用户投标金额_('xpath', '//input[@class="form-control invest-unit-investinput"]')元素成功。
2020-01-25 18:11:49,843 - my_web_test - [basepage.py-->line:91] - INFO: 投标详情页_用户投标金额_('xpath', '//input[@class="form-control invest-unit-investinput"]')元素中输入内容成功。
2020-01-25 18:11:51,961 - my_web_test - [basepage.py-->line:32] - INFO: 等待投标详情页_点击投标按钮_('xpath', '//button[@class="btn btn-special height_style"]')元素可见成功。
2020-01-25 18:11:51,962 - my_web_test - [basepage.py-->line:34] - INFO: 起始时间：2020-01-25 18:11:51.844272，开始时间：2020-01-25 18:11:51.962278，总计时长：0:00:00.118006
2020-01-25 18:11:52,055 - my_web_test - [basepage.py-->line:47] - INFO: 等待投标详情页_点击投标按钮_('xpath', '//button[@class="btn btn-special height_style"]')元素可点击成功。
2020-01-25 18:11:52,055 - my_web_test - [basepage.py-->line:49] - INFO: 起始时间：2020-01-25 18:11:51.962278，开始时间：2020-01-25 18:11:52.055284，总计时长：0:00:00.093006
2020-01-25 18:11:52,082 - my_web_test - [basepage.py-->line:61] - INFO: 查找投标详情页_点击投标按钮_('xpath', '//button[@class="btn btn-special height_style"]')元素成功。
2020-01-25 18:11:52,227 - my_web_test - [basepage.py-->line:77] - INFO: 投标详情页_点击投标按钮_('xpath', '//button[@class="btn btn-special height_style"]')元素点击成功。
2020-01-25 18:11:52,847 - my_web_test - [basepage.py-->line:32] - INFO: 等待投标详情页_投资失败的提示内容_('xpath', '//div[@class="text-center"]')元素可见成功。
2020-01-25 18:11:52,848 - my_web_test - [basepage.py-->line:34] - INFO: 起始时间：2020-01-25 18:11:52.227293，开始时间：2020-01-25 18:11:52.848329，总计时长：0:00:00.621036
2020-01-25 18:11:52,871 - my_web_test - [basepage.py-->line:61] - INFO: 查找投标详情页_投资失败的提示内容_('xpath', '//div[@class="text-center"]')元素成功。
2020-01-25 18:11:52,912 - my_web_test - [basepage.py-->line:105] - INFO: 投标详情页_投资失败的提示内容_('xpath', '//div[@class="text-center"]')元素中获取文本内容_请正确填写投标金额_成功。
2020-01-25 18:11:52,983 - my_web_test - [basepage.py-->line:32] - INFO: 等待投标详情页投资失败弹窗_点击弹窗中的关闭按钮_('xpath', '//a[text()="确认"]')元素可见成功。
2020-01-25 18:11:52,983 - my_web_test - [basepage.py-->line:34] - INFO: 起始时间：2020-01-25 18:11:52.912333，开始时间：2020-01-25 18:11:52.983337，总计时长：0:00:00.071004
2020-01-25 18:11:53,055 - my_web_test - [basepage.py-->line:47] - INFO: 等待投标详情页投资失败弹窗_点击弹窗中的关闭按钮_('xpath', '//a[text()="确认"]')元素可点击成功。
2020-01-25 18:11:53,055 - my_web_test - [basepage.py-->line:49] - INFO: 起始时间：2020-01-25 18:11:52.983337，开始时间：2020-01-25 18:11:53.055341，总计时长：0:00:00.072004
2020-01-25 18:11:53,076 - my_web_test - [basepage.py-->line:61] - INFO: 查找投标详情页投资失败弹窗_点击弹窗中的关闭按钮_('xpath', '//a[text()="确认"]')元素成功。
2020-01-25 18:11:53,206 - my_web_test - [basepage.py-->line:77] - INFO: 投标详情页投资失败弹窗_点击弹窗中的关闭按钮_('xpath', '//a[text()="确认"]')元素点击成功。
