2020-01-30 18:38:32,141 - my_web_test - [basepage.py-->line:32] - INFO: 等待登录页面_用户名输入_('name', 'account')元素可见成功。
2020-01-30 18:38:32,142 - my_web_test - [basepage.py-->line:34] - INFO: 起始时间：2020-01-30 18:38:32.032807，开始时间：2020-01-30 18:38:32.142814，总计时长：0:00:00.110007
2020-01-30 18:38:32,161 - my_web_test - [basepage.py-->line:61] - INFO: 查找登录页面_用户名输入_('name', 'account')元素成功。
2020-01-30 18:38:32,374 - my_web_test - [basepage.py-->line:91] - INFO: 登录页面_用户名输入_('name', 'account')元素中输入内容成功。
2020-01-30 18:38:32,459 - my_web_test - [basepage.py-->line:32] - INFO: 等待登录页面_密码输入_('name', 'pass')元素可见成功。
2020-01-30 18:38:32,460 - my_web_test - [basepage.py-->line:34] - INFO: 起始时间：2020-01-30 18:38:32.375422，开始时间：2020-01-30 18:38:32.460427，总计时长：0:00:00.085005
2020-01-30 18:38:32,482 - my_web_test - [basepage.py-->line:61] - INFO: 查找登录页面_密码输入_('name', 'pass')元素成功。
2020-01-30 18:38:32,648 - my_web_test - [basepage.py-->line:91] - INFO: 登录页面_密码输入_('name', 'pass')元素中输入内容成功。
2020-01-30 18:38:32,714 - my_web_test - [basepage.py-->line:32] - INFO: 等待登录页面输入完成_点击登录按钮_('xpath', '//div[@class="padding-cont pt-login"]//a[@class="btn-btn"]')元素可见成功。
2020-01-30 18:38:32,715 - my_web_test - [basepage.py-->line:34] - INFO: 起始时间：2020-01-30 18:38:32.649437，开始时间：2020-01-30 18:38:32.715441，总计时长：0:00:00.066004
2020-01-30 18:38:32,783 - my_web_test - [basepage.py-->line:47] - INFO: 等待登录页面输入完成_点击登录按钮_('xpath', '//div[@class="padding-cont pt-login"]//a[@class="btn-btn"]')元素可点击成功。
2020-01-30 18:38:32,783 - my_web_test - [basepage.py-->line:49] - INFO: 起始时间：2020-01-30 18:38:32.715441，开始时间：2020-01-30 18:38:32.783445，总计时长：0:00:00.068004
2020-01-30 18:38:32,803 - my_web_test - [basepage.py-->line:61] - INFO: 查找登录页面输入完成_点击登录按钮_('xpath', '//div[@class="padding-cont pt-login"]//a[@class="btn-btn"]')元素成功。
2020-01-30 18:38:34,593 - my_web_test - [basepage.py-->line:77] - INFO: 登录页面输入完成_点击登录按钮_('xpath', '//div[@class="padding-cont pt-login"]//a[@class="btn-btn"]')元素点击成功。
2020-01-30 18:38:36,655 - my_web_test - [basepage.py-->line:32] - INFO: 等待登录成功后_点击页面信息提示框中的关闭按钮_('xpath', '//a[@class="close"]')元素可见成功。
2020-01-30 18:38:36,655 - my_web_test - [basepage.py-->line:34] - INFO: 起始时间：2020-01-30 18:38:36.603021，开始时间：2020-01-30 18:38:36.655223，总计时长：0:00:00.052202
2020-01-30 18:38:36,737 - my_web_test - [basepage.py-->line:47] - INFO: 等待登录成功后_点击页面信息提示框中的关闭按钮_('xpath', '//a[@class="close"]')元素可点击成功。
2020-01-30 18:38:36,737 - my_web_test - [basepage.py-->line:49] - INFO: 起始时间：2020-01-30 18:38:36.655223，开始时间：2020-01-30 18:38:36.737025，总计时长：0:00:00.081802
2020-01-30 18:38:36,761 - my_web_test - [basepage.py-->line:61] - INFO: 查找登录成功后_点击页面信息提示框中的关闭按钮_('xpath', '//a[@class="close"]')元素成功。
2020-01-30 18:38:37,062 - my_web_test - [basepage.py-->line:77] - INFO: 登录成功后_点击页面信息提示框中的关闭按钮_('xpath', '//a[@class="close"]')元素点击成功。
2020-01-30 18:38:39,134 - my_web_test - [basepage.py-->line:32] - INFO: 等待点击作业名称，进入作业界面_('xpath', '//div[@class="ktcon2 cl hide"]//strong//a')元素可见成功。
2020-01-30 18:38:39,134 - my_web_test - [basepage.py-->line:34] - INFO: 起始时间：2020-01-30 18:38:39.073925，开始时间：2020-01-30 18:38:39.134127，总计时长：0:00:00.060202
2020-01-30 18:38:39,195 - my_web_test - [basepage.py-->line:47] - INFO: 等待点击作业名称，进入作业界面_('xpath', '//div[@class="ktcon2 cl hide"]//strong//a')元素可点击成功。
2020-01-30 18:38:39,195 - my_web_test - [basepage.py-->line:49] - INFO: 起始时间：2020-01-30 18:38:39.134127，开始时间：2020-01-30 18:38:39.195329，总计时长：0:00:00.061202
2020-01-30 18:38:39,229 - my_web_test - [basepage.py-->line:61] - INFO: 查找点击作业名称，进入作业界面_('xpath', '//div[@class="ktcon2 cl hide"]//strong//a')元素成功。
2020-01-30 18:38:39,533 - my_web_test - [basepage.py-->line:77] - INFO: 点击作业名称，进入作业界面_('xpath', '//div[@class="ktcon2 cl hide"]//strong//a')元素点击成功。
2020-01-30 18:38:40,672 - my_web_test - [basepage.py-->line:32] - INFO: 等待点击作业模块，进入作业模块界面_('xpath', '//div[@id="third-nav"]//a[contains(@href,"homework")]')元素可见成功。
2020-01-30 18:38:40,673 - my_web_test - [basepage.py-->line:34] - INFO: 起始时间：2020-01-30 18:38:39.533542，开始时间：2020-01-30 18:38:40.673607，总计时长：0:00:01.140065
2020-01-30 18:38:40,778 - my_web_test - [basepage.py-->line:47] - INFO: 等待点击作业模块，进入作业模块界面_('xpath', '//div[@id="third-nav"]//a[contains(@href,"homework")]')元素可点击成功。
2020-01-30 18:38:40,779 - my_web_test - [basepage.py-->line:49] - INFO: 起始时间：2020-01-30 18:38:40.673607，开始时间：2020-01-30 18:38:40.779613，总计时长：0:00:00.106006
2020-01-30 18:38:40,794 - my_web_test - [basepage.py-->line:61] - INFO: 查找点击作业模块，进入作业模块界面_('xpath', '//div[@id="third-nav"]//a[contains(@href,"homework")]')元素成功。
2020-01-30 18:38:41,694 - my_web_test - [basepage.py-->line:77] - INFO: 点击作业模块，进入作业模块界面_('xpath', '//div[@id="third-nav"]//a[contains(@href,"homework")]')元素点击成功。
2020-01-30 18:38:42,254 - my_web_test - [basepage.py-->line:32] - INFO: 等待点击作业名称进入作业提交界面_('xpath', '//h3[@class="work-title "]//a')元素可见成功。
2020-01-30 18:38:42,254 - my_web_test - [basepage.py-->line:34] - INFO: 起始时间：2020-01-30 18:38:41.695666，开始时间：2020-01-30 18:38:42.254694，总计时长：0:00:00.559028
2020-01-30 18:38:42,298 - my_web_test - [basepage.py-->line:47] - INFO: 等待点击作业名称进入作业提交界面_('xpath', '//h3[@class="work-title "]//a')元素可点击成功。
2020-01-30 18:38:42,299 - my_web_test - [basepage.py-->line:49] - INFO: 起始时间：2020-01-30 18:38:42.254694，开始时间：2020-01-30 18:38:42.299695，总计时长：0:00:00.045001
2020-01-30 18:38:42,330 - my_web_test - [basepage.py-->line:61] - INFO: 查找点击作业名称进入作业提交界面_('xpath', '//h3[@class="work-title "]//a')元素成功。
2020-01-30 18:38:42,972 - my_web_test - [basepage.py-->line:77] - INFO: 点击作业名称进入作业提交界面_('xpath', '//h3[@class="work-title "]//a')元素点击成功。
2020-01-30 18:38:43,521 - my_web_test - [basepage.py-->line:32] - INFO: 等待点击更新提交按钮_('xpath', '//a[@class="new-tj1"]')元素可见成功。
2020-01-30 18:38:43,521 - my_web_test - [basepage.py-->line:34] - INFO: 起始时间：2020-01-30 18:38:42.972733，开始时间：2020-01-30 18:38:43.521765，总计时长：0:00:00.549032
2020-01-30 18:38:43,563 - my_web_test - [basepage.py-->line:47] - INFO: 等待点击更新提交按钮_('xpath', '//a[@class="new-tj1"]')元素可点击成功。
2020-01-30 18:38:43,563 - my_web_test - [basepage.py-->line:49] - INFO: 起始时间：2020-01-30 18:38:43.521765，开始时间：2020-01-30 18:38:43.563767，总计时长：0:00:00.042002
2020-01-30 18:38:43,575 - my_web_test - [basepage.py-->line:61] - INFO: 查找点击更新提交按钮_('xpath', '//a[@class="new-tj1"]')元素成功。
2020-01-30 18:38:43,769 - my_web_test - [basepage.py-->line:77] - INFO: 点击更新提交按钮_('xpath', '//a[@class="new-tj1"]')元素点击成功。
2020-01-30 18:38:45,827 - my_web_test - [basepage.py-->line:32] - INFO: 等待确定更新按钮_('xpath', '//div[@class="btns"]//a[@class="sure active"]')元素可见成功。
2020-01-30 18:38:45,827 - my_web_test - [basepage.py-->line:34] - INFO: 起始时间：2020-01-30 18:38:45.769861，开始时间：2020-01-30 18:38:45.827864，总计时长：0:00:00.058003
2020-01-30 18:38:45,897 - my_web_test - [basepage.py-->line:47] - INFO: 等待确定更新按钮_('xpath', '//div[@class="btns"]//a[@class="sure active"]')元素可点击成功。
2020-01-30 18:38:45,898 - my_web_test - [basepage.py-->line:49] - INFO: 起始时间：2020-01-30 18:38:45.827864，开始时间：2020-01-30 18:38:45.898867，总计时长：0:00:00.071003
2020-01-30 18:38:45,917 - my_web_test - [basepage.py-->line:61] - INFO: 查找确定更新按钮_('xpath', '//div[@class="btns"]//a[@class="sure active"]')元素成功。
2020-01-30 18:38:46,187 - my_web_test - [basepage.py-->line:77] - INFO: 确定更新按钮_('xpath', '//div[@class="btns"]//a[@class="sure active"]')元素点击成功。
2020-01-30 18:39:18,244 - my_web_test - [basepage.py-->line:27] - ERROR: 等待保存作业留言_('xpath', '//div[@class="work-message2 clearfix"]//a')元素失败
Traceback (most recent call last):
  File "F:\python\ketangpaiweb\CommonHandle\basepage.py", line 25, in ele_wait
    ww(self.driver, timeout, poll_frequency=frequency).until(EC.visibility_of_element_located(loc))
  File "D:\softWare\python\lib\site-packages\selenium\webdriver\support\wait.py", line 80, in until
    raise TimeoutException(message, screen, stacktrace)
selenium.common.exceptions.TimeoutException: Message: 

2020-01-30 18:39:18,705 - my_web_test - [basepage.py-->line:163] - INFO: 图片保存作业留言_20200130183918.png存放成功
