2020-01-30 16:59:15,881 - my_web_test - [basepage.py-->line:32] - INFO: 等待登录页面_用户名输入_('name', 'account')元素可见成功。
2020-01-30 16:59:15,881 - my_web_test - [basepage.py-->line:34] - INFO: 起始时间：2020-01-30 16:59:15.776116，开始时间：2020-01-30 16:59:15.881122，总计时长：0:00:00.105006
2020-01-30 16:59:15,896 - my_web_test - [basepage.py-->line:61] - INFO: 查找登录页面_用户名输入_('name', 'account')元素成功。
2020-01-30 16:59:16,125 - my_web_test - [basepage.py-->line:91] - INFO: 登录页面_用户名输入_('name', 'account')元素中输入内容成功。
2020-01-30 16:59:16,198 - my_web_test - [basepage.py-->line:32] - INFO: 等待登录页面_密码输入_('name', 'pass')元素可见成功。
2020-01-30 16:59:16,198 - my_web_test - [basepage.py-->line:34] - INFO: 起始时间：2020-01-30 16:59:16.126330，开始时间：2020-01-30 16:59:16.198334，总计时长：0:00:00.072004
2020-01-30 16:59:16,233 - my_web_test - [basepage.py-->line:61] - INFO: 查找登录页面_密码输入_('name', 'pass')元素成功。
2020-01-30 16:59:16,391 - my_web_test - [basepage.py-->line:91] - INFO: 登录页面_密码输入_('name', 'pass')元素中输入内容成功。
2020-01-30 16:59:16,458 - my_web_test - [basepage.py-->line:32] - INFO: 等待登录页面输入完成_点击登录按钮_('xpath', '//div[@class="padding-cont pt-login"]//a[@class="btn-btn"]')元素可见成功。
2020-01-30 16:59:16,458 - my_web_test - [basepage.py-->line:34] - INFO: 起始时间：2020-01-30 16:59:16.392543，开始时间：2020-01-30 16:59:16.458547，总计时长：0:00:00.066004
2020-01-30 16:59:16,536 - my_web_test - [basepage.py-->line:47] - INFO: 等待登录页面输入完成_点击登录按钮_('xpath', '//div[@class="padding-cont pt-login"]//a[@class="btn-btn"]')元素可点击成功。
2020-01-30 16:59:16,536 - my_web_test - [basepage.py-->line:49] - INFO: 起始时间：2020-01-30 16:59:16.458547，开始时间：2020-01-30 16:59:16.536551，总计时长：0:00:00.078004
2020-01-30 16:59:16,558 - my_web_test - [basepage.py-->line:61] - INFO: 查找登录页面输入完成_点击登录按钮_('xpath', '//div[@class="padding-cont pt-login"]//a[@class="btn-btn"]')元素成功。
2020-01-30 16:59:18,364 - my_web_test - [basepage.py-->line:77] - INFO: 登录页面输入完成_点击登录按钮_('xpath', '//div[@class="padding-cont pt-login"]//a[@class="btn-btn"]')元素点击成功。
2020-01-30 16:59:20,551 - my_web_test - [basepage.py-->line:32] - INFO: 等待登录成功后_点击页面信息提示框中的关闭按钮_('xpath', '//a[@class="close"]')元素可见成功。
2020-01-30 16:59:20,552 - my_web_test - [basepage.py-->line:34] - INFO: 起始时间：2020-01-30 16:59:20.372732，开始时间：2020-01-30 16:59:20.552742，总计时长：0:00:00.180010
2020-01-30 16:59:20,662 - my_web_test - [basepage.py-->line:47] - INFO: 等待登录成功后_点击页面信息提示框中的关闭按钮_('xpath', '//a[@class="close"]')元素可点击成功。
2020-01-30 16:59:20,663 - my_web_test - [basepage.py-->line:49] - INFO: 起始时间：2020-01-30 16:59:20.552742，开始时间：2020-01-30 16:59:20.663348，总计时长：0:00:00.110606
2020-01-30 16:59:20,682 - my_web_test - [basepage.py-->line:61] - INFO: 查找登录成功后_点击页面信息提示框中的关闭按钮_('xpath', '//a[@class="close"]')元素成功。
2020-01-30 16:59:20,951 - my_web_test - [basepage.py-->line:77] - INFO: 登录成功后_点击页面信息提示框中的关闭按钮_('xpath', '//a[@class="close"]')元素点击成功。
2020-01-30 16:59:23,032 - my_web_test - [basepage.py-->line:32] - INFO: 等待点击作业名称，进入作业界面_('xpath', '//div[@class="ktcon2 cl hide"]//strong//a')元素可见成功。
2020-01-30 16:59:23,032 - my_web_test - [basepage.py-->line:34] - INFO: 起始时间：2020-01-30 16:59:22.959849，开始时间：2020-01-30 16:59:23.032854，总计时长：0:00:00.073005
2020-01-30 16:59:23,103 - my_web_test - [basepage.py-->line:47] - INFO: 等待点击作业名称，进入作业界面_('xpath', '//div[@class="ktcon2 cl hide"]//strong//a')元素可点击成功。
2020-01-30 16:59:23,103 - my_web_test - [basepage.py-->line:49] - INFO: 起始时间：2020-01-30 16:59:23.032854，开始时间：2020-01-30 16:59:23.103655，总计时长：0:00:00.070801
2020-01-30 16:59:23,119 - my_web_test - [basepage.py-->line:61] - INFO: 查找点击作业名称，进入作业界面_('xpath', '//div[@class="ktcon2 cl hide"]//strong//a')元素成功。
2020-01-30 16:59:23,457 - my_web_test - [basepage.py-->line:77] - INFO: 点击作业名称，进入作业界面_('xpath', '//div[@class="ktcon2 cl hide"]//strong//a')元素点击成功。
2020-01-30 16:59:24,700 - my_web_test - [basepage.py-->line:32] - INFO: 等待点击作业模块，进入作业模块界面_('xpath', '//div[@id="third-nav"]//a[contains(@href,"homework")]')元素可见成功。
2020-01-30 16:59:24,701 - my_web_test - [basepage.py-->line:34] - INFO: 起始时间：2020-01-30 16:59:23.458270，开始时间：2020-01-30 16:59:24.701540，总计时长：0:00:01.243270
2020-01-30 16:59:24,778 - my_web_test - [basepage.py-->line:47] - INFO: 等待点击作业模块，进入作业模块界面_('xpath', '//div[@id="third-nav"]//a[contains(@href,"homework")]')元素可点击成功。
2020-01-30 16:59:24,778 - my_web_test - [basepage.py-->line:49] - INFO: 起始时间：2020-01-30 16:59:24.701540，开始时间：2020-01-30 16:59:24.778544，总计时长：0:00:00.077004
2020-01-30 16:59:24,808 - my_web_test - [basepage.py-->line:61] - INFO: 查找点击作业模块，进入作业模块界面_('xpath', '//div[@id="third-nav"]//a[contains(@href,"homework")]')元素成功。
2020-01-30 16:59:25,743 - my_web_test - [basepage.py-->line:77] - INFO: 点击作业模块，进入作业模块界面_('xpath', '//div[@id="third-nav"]//a[contains(@href,"homework")]')元素点击成功。
2020-01-30 16:59:26,322 - my_web_test - [basepage.py-->line:32] - INFO: 等待点击作业名称进入作业提交界面_('xpath', '//h3[@class="work-title "]//a')元素可见成功。
2020-01-30 16:59:26,322 - my_web_test - [basepage.py-->line:34] - INFO: 起始时间：2020-01-30 16:59:25.744599，开始时间：2020-01-30 16:59:26.322630，总计时长：0:00:00.578031
2020-01-30 16:59:26,476 - my_web_test - [basepage.py-->line:47] - INFO: 等待点击作业名称进入作业提交界面_('xpath', '//h3[@class="work-title "]//a')元素可点击成功。
2020-01-30 16:59:26,476 - my_web_test - [basepage.py-->line:49] - INFO: 起始时间：2020-01-30 16:59:26.322630，开始时间：2020-01-30 16:59:26.476637，总计时长：0:00:00.154007
2020-01-30 16:59:26,496 - my_web_test - [basepage.py-->line:61] - INFO: 查找点击作业名称进入作业提交界面_('xpath', '//h3[@class="work-title "]//a')元素成功。
2020-01-30 16:59:28,223 - my_web_test - [basepage.py-->line:77] - INFO: 点击作业名称进入作业提交界面_('xpath', '//h3[@class="work-title "]//a')元素点击成功。
2020-01-30 16:59:28,335 - my_web_test - [basepage.py-->line:32] - INFO: 等待点击更新提交按钮_('xpath', '//a[@class="new-tj1"]')元素可见成功。
2020-01-30 16:59:28,336 - my_web_test - [basepage.py-->line:34] - INFO: 起始时间：2020-01-30 16:59:28.224735，开始时间：2020-01-30 16:59:28.336741，总计时长：0:00:00.112006
2020-01-30 16:59:28,413 - my_web_test - [basepage.py-->line:47] - INFO: 等待点击更新提交按钮_('xpath', '//a[@class="new-tj1"]')元素可点击成功。
2020-01-30 16:59:28,413 - my_web_test - [basepage.py-->line:49] - INFO: 起始时间：2020-01-30 16:59:28.336741，开始时间：2020-01-30 16:59:28.413746，总计时长：0:00:00.077005
2020-01-30 16:59:28,432 - my_web_test - [basepage.py-->line:61] - INFO: 查找点击更新提交按钮_('xpath', '//a[@class="new-tj1"]')元素成功。
2020-01-30 16:59:28,825 - my_web_test - [basepage.py-->line:77] - INFO: 点击更新提交按钮_('xpath', '//a[@class="new-tj1"]')元素点击成功。
2020-01-30 16:59:30,882 - my_web_test - [basepage.py-->line:32] - INFO: 等待确定更新按钮_('xpath', '//div[@class="btns"]//a[@class="sure active"]')元素可见成功。
2020-01-30 16:59:30,882 - my_web_test - [basepage.py-->line:34] - INFO: 起始时间：2020-01-30 16:59:30.825864，开始时间：2020-01-30 16:59:30.882466，总计时长：0:00:00.056602
2020-01-30 16:59:30,955 - my_web_test - [basepage.py-->line:47] - INFO: 等待确定更新按钮_('xpath', '//div[@class="btns"]//a[@class="sure active"]')元素可点击成功。
2020-01-30 16:59:30,955 - my_web_test - [basepage.py-->line:49] - INFO: 起始时间：2020-01-30 16:59:30.882466，开始时间：2020-01-30 16:59:30.955070，总计时长：0:00:00.072604
2020-01-30 16:59:30,976 - my_web_test - [basepage.py-->line:61] - INFO: 查找确定更新按钮_('xpath', '//div[@class="btns"]//a[@class="sure active"]')元素成功。
2020-01-30 16:59:31,232 - my_web_test - [basepage.py-->line:77] - INFO: 确定更新按钮_('xpath', '//div[@class="btns"]//a[@class="sure active"]')元素点击成功。
2020-01-30 17:00:01,338 - my_web_test - [basepage.py-->line:27] - ERROR: 等待点击上传文件按钮_('xpath', '//div[@class="sc-tj"]//div//label')元素失败
Traceback (most recent call last):
  File "F:\python\ketangpaiweb\CommonHandle\basepage.py", line 25, in ele_wait
    ww(self.driver, timeout, poll_frequency=frequency).until(EC.visibility_of_element_located(loc))
  File "D:\softWare\python\lib\site-packages\selenium\webdriver\support\wait.py", line 80, in until
    raise TimeoutException(message, screen, stacktrace)
selenium.common.exceptions.TimeoutException: Message: 

2020-01-30 17:00:01,807 - my_web_test - [basepage.py-->line:163] - INFO: 图片点击上传文件按钮_20200130170001.png存放成功
