2020-01-25 17:21:46,669 - my_web_test - [basepage.py-->line:23] - INFO: 等待登录页面_用户名输入_('name', 'phone')元素可见。
2020-01-25 17:21:46,798 - my_web_test - [basepage.py-->line:34] - INFO: 起始时间：2020-01-25 17:21:46.670385，开始时间：2020-01-25 17:21:46.798393，总计时长：0:00:00.128008
2020-01-25 17:21:46,819 - my_web_test - [basepage.py-->line:46] - INFO: 查找登录页面_用户名输入_('name', 'phone')元素成功。
2020-01-25 17:21:47,182 - my_web_test - [basepage.py-->line:75] - INFO: 登录页面_用户名输入_('name', 'phone')元素中输入内容成功。
2020-01-25 17:21:47,183 - my_web_test - [basepage.py-->line:23] - INFO: 等待登录页面_密码输入_('name', 'password')元素可见。
2020-01-25 17:21:47,300 - my_web_test - [basepage.py-->line:34] - INFO: 起始时间：2020-01-25 17:21:47.183415，开始时间：2020-01-25 17:21:47.300421，总计时长：0:00:00.117006
2020-01-25 17:21:47,332 - my_web_test - [basepage.py-->line:46] - INFO: 查找登录页面_密码输入_('name', 'password')元素成功。
2020-01-25 17:21:47,601 - my_web_test - [basepage.py-->line:75] - INFO: 登录页面_密码输入_('name', 'password')元素中输入内容成功。
2020-01-25 17:21:47,601 - my_web_test - [basepage.py-->line:23] - INFO: 等待登录页面输入完成_点击登录按钮_('xpath', '//button[text()="登录"]')元素可见。
2020-01-25 17:21:47,687 - my_web_test - [basepage.py-->line:34] - INFO: 起始时间：2020-01-25 17:21:47.602439，开始时间：2020-01-25 17:21:47.687444，总计时长：0:00:00.085005
2020-01-25 17:21:47,710 - my_web_test - [basepage.py-->line:46] - INFO: 查找登录页面输入完成_点击登录按钮_('xpath', '//button[text()="登录"]')元素成功。
2020-01-25 17:21:47,861 - my_web_test - [basepage.py-->line:61] - INFO: 登录页面输入完成_点击登录按钮_('xpath', '//button[text()="登录"]')元素点击成功。
2020-01-25 17:21:47,866 - my_web_test - [basepage.py-->line:23] - INFO: 等待登录成功后_点击页面第一个抢投标_('xpath', '//a[text()="抢投标"]')元素可见。
2020-01-25 17:22:09,820 - my_web_test - [basepage.py-->line:34] - INFO: 起始时间：2020-01-25 17:21:47.866454，开始时间：2020-01-25 17:22:09.820710，总计时长：0:00:21.954256
2020-01-25 17:22:09,850 - my_web_test - [basepage.py-->line:46] - INFO: 查找登录成功后_点击页面第一个抢投标_('xpath', '//a[text()="抢投标"]')元素成功。
2020-01-25 17:22:33,710 - my_web_test - [basepage.py-->line:61] - INFO: 登录成功后_点击页面第一个抢投标_('xpath', '//a[text()="抢投标"]')元素点击成功。
2020-01-25 17:22:35,710 - my_web_test - [basepage.py-->line:23] - INFO: 等待投标详情页_用户投标金额_('xpath', '//input[@class="form-control invest-unit-investinput"]')元素可见。
2020-01-25 17:22:35,783 - my_web_test - [basepage.py-->line:34] - INFO: 起始时间：2020-01-25 17:22:35.710190，开始时间：2020-01-25 17:22:35.783195，总计时长：0:00:00.073005
2020-01-25 17:22:35,799 - my_web_test - [basepage.py-->line:46] - INFO: 查找投标详情页_用户投标金额_('xpath', '//input[@class="form-control invest-unit-investinput"]')元素成功。
2020-01-25 17:22:35,997 - my_web_test - [basepage.py-->line:75] - INFO: 投标详情页_用户投标金额_('xpath', '//input[@class="form-control invest-unit-investinput"]')元素中输入内容成功。
2020-01-25 17:22:37,998 - my_web_test - [basepage.py-->line:23] - INFO: 等待投标详情页_确定按钮中的文字_('xpath', '//button[@class="btn btn-special height_style"]')元素可见。
2020-01-25 17:22:38,054 - my_web_test - [basepage.py-->line:34] - INFO: 起始时间：2020-01-25 17:22:37.998321，开始时间：2020-01-25 17:22:38.054324，总计时长：0:00:00.056003
2020-01-25 17:22:38,072 - my_web_test - [basepage.py-->line:46] - INFO: 查找投标详情页_确定按钮中的文字_('xpath', '//button[@class="btn btn-special height_style"]')元素成功。
2020-01-25 17:22:38,108 - my_web_test - [basepage.py-->line:89] - INFO: 投标详情页_确定按钮中的文字_('xpath', '//button[@class="btn btn-special height_style"]')元素中获取文本内容成功。
2020-01-25 17:22:38,109 - my_web_test - [basepage.py-->line:23] - INFO: 等待投标详情页_确定按钮中的文字_('xpath', '//button[@class="btn btn-special height_style"]')元素可见。
2020-01-25 17:22:38,168 - my_web_test - [basepage.py-->line:34] - INFO: 起始时间：2020-01-25 17:22:38.109328，开始时间：2020-01-25 17:22:38.168331，总计时长：0:00:00.059003
2020-01-25 17:22:38,185 - my_web_test - [basepage.py-->line:46] - INFO: 查找投标详情页_确定按钮中的文字_('xpath', '//button[@class="btn btn-special height_style"]')元素成功。
2020-01-25 17:22:38,202 - my_web_test - [basepage.py-->line:89] - INFO: 投标详情页_确定按钮中的文字_('xpath', '//button[@class="btn btn-special height_style"]')元素中获取文本内容成功。
2020-01-25 17:22:46,889 - my_web_test - [basepage.py-->line:23] - INFO: 等待登录页面_用户名输入_('name', 'phone')元素可见。
2020-01-25 17:22:46,954 - my_web_test - [basepage.py-->line:34] - INFO: 起始时间：2020-01-25 17:22:46.889830，开始时间：2020-01-25 17:22:46.954834，总计时长：0:00:00.065004
2020-01-25 17:22:46,969 - my_web_test - [basepage.py-->line:46] - INFO: 查找登录页面_用户名输入_('name', 'phone')元素成功。
2020-01-25 17:22:47,147 - my_web_test - [basepage.py-->line:75] - INFO: 登录页面_用户名输入_('name', 'phone')元素中输入内容成功。
2020-01-25 17:22:47,148 - my_web_test - [basepage.py-->line:23] - INFO: 等待登录页面_密码输入_('name', 'password')元素可见。
2020-01-25 17:22:47,218 - my_web_test - [basepage.py-->line:34] - INFO: 起始时间：2020-01-25 17:22:47.148845，开始时间：2020-01-25 17:22:47.218849，总计时长：0:00:00.070004
2020-01-25 17:22:47,236 - my_web_test - [basepage.py-->line:46] - INFO: 查找登录页面_密码输入_('name', 'password')元素成功。
2020-01-25 17:22:47,370 - my_web_test - [basepage.py-->line:75] - INFO: 登录页面_密码输入_('name', 'password')元素中输入内容成功。
2020-01-25 17:22:47,370 - my_web_test - [basepage.py-->line:23] - INFO: 等待登录页面输入完成_点击登录按钮_('xpath', '//button[text()="登录"]')元素可见。
2020-01-25 17:22:47,424 - my_web_test - [basepage.py-->line:34] - INFO: 起始时间：2020-01-25 17:22:47.371857，开始时间：2020-01-25 17:22:47.424860，总计时长：0:00:00.053003
2020-01-25 17:22:47,444 - my_web_test - [basepage.py-->line:46] - INFO: 查找登录页面输入完成_点击登录按钮_('xpath', '//button[text()="登录"]')元素成功。
2020-01-25 17:22:47,577 - my_web_test - [basepage.py-->line:61] - INFO: 登录页面输入完成_点击登录按钮_('xpath', '//button[text()="登录"]')元素点击成功。
2020-01-25 17:22:47,580 - my_web_test - [basepage.py-->line:23] - INFO: 等待登录成功后_点击页面第一个抢投标_('xpath', '//a[text()="抢投标"]')元素可见。
2020-01-25 17:23:09,439 - my_web_test - [basepage.py-->line:34] - INFO: 起始时间：2020-01-25 17:22:47.581869，开始时间：2020-01-25 17:23:09.439120，总计时长：0:00:21.857251
2020-01-25 17:23:09,465 - my_web_test - [basepage.py-->line:46] - INFO: 查找登录成功后_点击页面第一个抢投标_('xpath', '//a[text()="抢投标"]')元素成功。
2020-01-25 17:23:33,315 - my_web_test - [basepage.py-->line:61] - INFO: 登录成功后_点击页面第一个抢投标_('xpath', '//a[text()="抢投标"]')元素点击成功。
2020-01-25 17:23:35,315 - my_web_test - [basepage.py-->line:23] - INFO: 等待投标详情页_用户投标金额_('xpath', '//input[@class="form-control invest-unit-investinput"]')元素可见。
2020-01-25 17:23:35,406 - my_web_test - [basepage.py-->line:34] - INFO: 起始时间：2020-01-25 17:23:35.315600，开始时间：2020-01-25 17:23:35.406605，总计时长：0:00:00.091005
2020-01-25 17:23:35,428 - my_web_test - [basepage.py-->line:46] - INFO: 查找投标详情页_用户投标金额_('xpath', '//input[@class="form-control invest-unit-investinput"]')元素成功。
2020-01-25 17:23:35,717 - my_web_test - [basepage.py-->line:75] - INFO: 投标详情页_用户投标金额_('xpath', '//input[@class="form-control invest-unit-investinput"]')元素中输入内容成功。
2020-01-25 17:23:37,717 - my_web_test - [basepage.py-->line:23] - INFO: 等待投标详情页_确定按钮中的文字_('xpath', '//button[@class="btn btn-special height_style"]')元素可见。
2020-01-25 17:23:37,798 - my_web_test - [basepage.py-->line:34] - INFO: 起始时间：2020-01-25 17:23:37.717737，开始时间：2020-01-25 17:23:37.798742，总计时长：0:00:00.081005
2020-01-25 17:23:37,830 - my_web_test - [basepage.py-->line:46] - INFO: 查找投标详情页_确定按钮中的文字_('xpath', '//button[@class="btn btn-special height_style"]')元素成功。
2020-01-25 17:23:37,878 - my_web_test - [basepage.py-->line:89] - INFO: 投标详情页_确定按钮中的文字_('xpath', '//button[@class="btn btn-special height_style"]')元素中获取文本内容成功。
2020-01-25 17:23:37,879 - my_web_test - [basepage.py-->line:23] - INFO: 等待投标详情页_确定按钮中的文字_('xpath', '//button[@class="btn btn-special height_style"]')元素可见。
2020-01-25 17:23:37,953 - my_web_test - [basepage.py-->line:34] - INFO: 起始时间：2020-01-25 17:23:37.879746，开始时间：2020-01-25 17:23:37.953750，总计时长：0:00:00.074004
2020-01-25 17:23:37,978 - my_web_test - [basepage.py-->line:46] - INFO: 查找投标详情页_确定按钮中的文字_('xpath', '//button[@class="btn btn-special height_style"]')元素成功。
2020-01-25 17:23:38,002 - my_web_test - [basepage.py-->line:89] - INFO: 投标详情页_确定按钮中的文字_('xpath', '//button[@class="btn btn-special height_style"]')元素中获取文本内容成功。
2020-01-25 17:23:46,716 - my_web_test - [basepage.py-->line:23] - INFO: 等待登录页面_用户名输入_('name', 'phone')元素可见。
2020-01-25 17:23:46,783 - my_web_test - [basepage.py-->line:34] - INFO: 起始时间：2020-01-25 17:23:46.716252，开始时间：2020-01-25 17:23:46.783255，总计时长：0:00:00.067003
2020-01-25 17:23:46,800 - my_web_test - [basepage.py-->line:46] - INFO: 查找登录页面_用户名输入_('name', 'phone')元素成功。
2020-01-25 17:23:47,020 - my_web_test - [basepage.py-->line:75] - INFO: 登录页面_用户名输入_('name', 'phone')元素中输入内容成功。
2020-01-25 17:23:47,020 - my_web_test - [basepage.py-->line:23] - INFO: 等待登录页面_密码输入_('name', 'password')元素可见。
2020-01-25 17:23:47,102 - my_web_test - [basepage.py-->line:34] - INFO: 起始时间：2020-01-25 17:23:47.020269，开始时间：2020-01-25 17:23:47.101274，总计时长：0:00:00.081005
2020-01-25 17:23:47,116 - my_web_test - [basepage.py-->line:46] - INFO: 查找登录页面_密码输入_('name', 'password')元素成功。
2020-01-25 17:23:47,258 - my_web_test - [basepage.py-->line:75] - INFO: 登录页面_密码输入_('name', 'password')元素中输入内容成功。
2020-01-25 17:23:47,259 - my_web_test - [basepage.py-->line:23] - INFO: 等待登录页面输入完成_点击登录按钮_('xpath', '//button[text()="登录"]')元素可见。
2020-01-25 17:23:47,329 - my_web_test - [basepage.py-->line:34] - INFO: 起始时间：2020-01-25 17:23:47.259283，开始时间：2020-01-25 17:23:47.329287，总计时长：0:00:00.070004
2020-01-25 17:23:47,347 - my_web_test - [basepage.py-->line:46] - INFO: 查找登录页面输入完成_点击登录按钮_('xpath', '//button[text()="登录"]')元素成功。
2020-01-25 17:23:47,549 - my_web_test - [basepage.py-->line:61] - INFO: 登录页面输入完成_点击登录按钮_('xpath', '//button[text()="登录"]')元素点击成功。
2020-01-25 17:23:47,552 - my_web_test - [basepage.py-->line:23] - INFO: 等待登录成功后_点击页面第一个抢投标_('xpath', '//a[text()="抢投标"]')元素可见。
2020-01-25 17:24:09,306 - my_web_test - [basepage.py-->line:34] - INFO: 起始时间：2020-01-25 17:23:47.553300，开始时间：2020-01-25 17:24:09.306544，总计时长：0:00:21.753244
2020-01-25 17:24:09,335 - my_web_test - [basepage.py-->line:46] - INFO: 查找登录成功后_点击页面第一个抢投标_('xpath', '//a[text()="抢投标"]')元素成功。
2020-01-25 17:24:32,964 - my_web_test - [basepage.py-->line:61] - INFO: 登录成功后_点击页面第一个抢投标_('xpath', '//a[text()="抢投标"]')元素点击成功。
2020-01-25 17:24:34,966 - my_web_test - [basepage.py-->line:23] - INFO: 等待投标详情页_用户投标金额_('xpath', '//input[@class="form-control invest-unit-investinput"]')元素可见。
2020-01-25 17:24:35,067 - my_web_test - [basepage.py-->line:34] - INFO: 起始时间：2020-01-25 17:24:34.966011，开始时间：2020-01-25 17:24:35.067017，总计时长：0:00:00.101006
2020-01-25 17:24:35,098 - my_web_test - [basepage.py-->line:46] - INFO: 查找投标详情页_用户投标金额_('xpath', '//input[@class="form-control invest-unit-investinput"]')元素成功。
2020-01-25 17:24:35,098 - my_web_test - [basepage.py-->line:70] - ERROR: 在投标详情页_用户投标金额_('xpath', '//input[@class="form-control invest-unit-investinput"]')元素输入内容失败
Traceback (most recent call last):
  File "F:\python\futurepytestWeb\CommonHandle\basepage.py", line 68, in input_content
    ele.send_keys(content)
  File "D:\softWare\python\lib\site-packages\selenium\webdriver\remote\webelement.py", line 478, in send_keys
    {'text': "".join(keys_to_typing(value)),
  File "D:\softWare\python\lib\site-packages\selenium\webdriver\common\utils.py", line 150, in keys_to_typing
    for i in range(len(val)):
TypeError: object of type 'float' has no len()
2020-01-25 17:24:35,634 - my_web_test - [basepage.py-->line:147] - INFO: 图片投标详情页_用户投标金额_20200125172435.png存放成功
